{"numFailedTestSuites":1,"numFailedTests":5,"numPassedTestSuites":16,"numPassedTests":505,"numPendingTestSuites":0,"numPendingTests":0,"numRuntimeErrorTestSuites":0,"numTodoTests":0,"numTotalTestSuites":17,"numTotalTests":510,"openHandles":[],"snapshot":{"added":0,"didUpdate":false,"failure":false,"filesAdded":0,"filesRemoved":0,"filesRemovedList":[],"filesUnmatched":0,"filesUpdated":0,"matched":0,"total":0,"unchecked":0,"uncheckedKeysByFile":[],"unmatched":0,"updated":0},"startTime":1780164878524,"success":false,"testResults":[{"assertionResults":[{"ancestorTitles":["SocketClient"],"duration":5,"failureDetails":[],"failureMessages":[],"fullName":"SocketClient should be importable as a module","invocations":1,"location":null,"numPassingAsserts":1,"retryReasons":[],"status":"passed","title":"should be importable as a module"},{"ancestorTitles":["SocketClient"],"duration":0,"failureDetails":[],"failureMessages":[],"fullName":"SocketClient should contain expected class or factory function","invocations":1,"location":null,"numPassingAsserts":1,"retryReasons":[],"status":"passed","title":"should contain expected class or factory function"},{"ancestorTitles":["SocketClient"],"duration":1,"failureDetails":[],"failureMessages":[],"fullName":"SocketClient should reference socket.io connection","invocations":1,"location":null,"numPassingAsserts":1,"retryReasons":[],"status":"passed","title":"should reference socket.io connection"},{"ancestorTitles":["SocketClient"],"duration":0,"failureDetails":[],"failureMessages":[],"fullName":"SocketClient should have exponential backoff reconnection logic","invocations":1,"location":null,"numPassingAsserts":1,"retryReasons":[],"status":"passed","title":"should have exponential backoff reconnection logic"},{"ancestorTitles":["SocketClient"],"duration":0,"failureDetails":[],"failureMessages":[],"fullName":"SocketClient should handle join-confirmed event","invocations":1,"location":null,"numPassingAsserts":1,"retryReasons":[],"status":"passed","title":"should handle join-confirmed event"},{"ancestorTitles":["SocketClient"],"duration":1,"failureDetails":[],"failureMessages":[],"fullName":"SocketClient should handle nickname-taken event","invocations":1,"location":null,"numPassingAsserts":1,"retryReasons":[],"status":"passed","title":"should handle nickname-taken event"},{"ancestorTitles":["SocketClient"],"duration":0,"failureDetails":[],"failureMessages":[],"fullName":"SocketClient should handle player-disconnected event","invocations":1,"location":null,"numPassingAsserts":1,"retryReasons":[],"status":"passed","title":"should handle player-disconnected event"},{"ancestorTitles":["SocketClient"],"duration":0,"failureDetails":[],"failureMessages":[],"fullName":"SocketClient should provide emit method for sending events","invocations":1,"location":null,"numPassingAsserts":1,"retryReasons":[],"status":"passed","title":"should provide emit method for sending events"},{"ancestorTitles":["SocketClient"],"duration":0,"failureDetails":[],"failureMessages":[],"fullName":"SocketClient should provide disconnect method","invocations":1,"location":null,"numPassingAsserts":1,"retryReasons":[],"status":"passed","title":"should provide disconnect method"},{"ancestorTitles":["SocketClient"],"duration":0,"failureDetails":[],"failureMessages":[],"fullName":"SocketClient should have a method to request joining with nickname","invocations":1,"location":null,"numPassingAsserts":1,"retryReasons":[],"status":"passed","title":"should have a method to request joining with nickname"}],"endTime":1780164879584,"message":"","name":"D:\\Projects\\node\\PuppetPals\\test\\socketClient.test.js","startTime":1780164878759,"status":"passed","summary":""},{"assertionResults":[{"ancestorTitles":["validateNickname"],"duration":6,"failureDetails":[],"failureMessages":[],"fullName":"validateNickname should accept valid nicknames","invocations":1,"location":null,"numPassingAsserts":4,"retryReasons":[],"status":"passed","title":"should accept valid nicknames"},{"ancestorTitles":["validateNickname"],"duration":1,"failureDetails":[],"failureMessages":[],"fullName":"validateNickname should reject empty nicknames","invocations":1,"location":null,"numPassingAsserts":2,"retryReasons":[],"status":"passed","title":"should reject empty nicknames"},{"ancestorTitles":["validateNickname"],"duration":0,"failureDetails":[],"failureMessages":[],"fullName":"validateNickname should reject nicknames that are too short","invocations":1,"location":null,"numPassingAsserts":2,"retryReasons":[],"status":"passed","title":"should reject nicknames that are too short"},{"ancestorTitles":["validateNickname"],"duration":1,"failureDetails":[],"failureMessages":[],"fullName":"validateNickname should reject nicknames that are too long","invocations":1,"location":null,"numPassingAsserts":2,"retryReasons":[],"status":"passed","title":"should reject nicknames that are too long"},{"ancestorTitles":["validateNickname"],"duration":0,"failureDetails":[],"failureMessages":[],"fullName":"validateNickname should reject nicknames with spaces","invocations":1,"location":null,"numPassingAsserts":1,"retryReasons":[],"status":"passed","title":"should reject nicknames with spaces"},{"ancestorTitles":["validateNickname"],"duration":1,"failureDetails":[],"failureMessages":[],"fullName":"validateNickname should reject nicknames with special characters","invocations":1,"location":null,"numPassingAsserts":1,"retryReasons":[],"status":"passed","title":"should reject nicknames with special characters"},{"ancestorTitles":["validateNickname"],"duration":0,"failureDetails":[],"failureMessages":[],"fullName":"validateNickname should trim whitespace","invocations":1,"location":null,"numPassingAsserts":1,"retryReasons":[],"status":"passed","title":"should trim whitespace"},{"ancestorTitles":["validateNickname"],"duration":0,"failureDetails":[],"failureMessages":[],"fullName":"validateNickname should reject null nicknames","invocations":1,"location":null,"numPassingAsserts":1,"retryReasons":[],"status":"passed","title":"should reject null nicknames"},{"ancestorTitles":["hashString"],"duration":0,"failureDetails":[],"failureMessages":[],"fullName":"hashString should return a string","invocations":1,"location":null,"numPassingAsserts":1,"retryReasons":[],"status":"passed","title":"should return a string"},{"ancestorTitles":["hashString"],"duration":0,"failureDetails":[],"failureMessages":[],"fullName":"hashString should return consistent hashes","invocations":1,"location":null,"numPassingAsserts":1,"retryReasons":[],"status":"passed","title":"should return consistent hashes"},{"ancestorTitles":["hashString"],"duration":3,"failureDetails":[],"failureMessages":[],"fullName":"hashString should return different hashes for different strings","invocations":1,"location":null,"numPassingAsserts":1,"retryReasons":[],"status":"passed","title":"should return different hashes for different strings"},{"ancestorTitles":["clamp"],"duration":0,"failureDetails":[],"failureMessages":[],"fullName":"clamp should clamp value to min","invocations":1,"location":null,"numPassingAsserts":1,"retryReasons":[],"status":"passed","title":"should clamp value to min"},{"ancestorTitles":["clamp"],"duration":0,"failureDetails":[],"failureMessages":[],"fullName":"clamp should clamp value to max","invocations":1,"location":null,"numPassingAsserts":1,"retryReasons":[],"status":"passed","title":"should clamp value to max"},{"ancestorTitles":["clamp"],"duration":0,"failureDetails":[],"failureMessages":[],"fullName":"clamp should return value if in range","invocations":1,"location":null,"numPassingAsserts":1,"retryReasons":[],"status":"passed","title":"should return value if in range"},{"ancestorTitles":["lerp"],"duration":0,"failureDetails":[],"failureMessages":[],"fullName":"lerp should interpolate correctly","invocations":1,"location":null,"numPassingAsserts":1,"retryReasons":[],"status":"passed","title":"should interpolate correctly"},{"ancestorTitles":["lerp"],"duration":0,"failureDetails":[],"failureMessages":[],"fullName":"lerp should return start when t is 0","invocations":1,"location":null,"numPassingAsserts":1,"retryReasons":[],"status":"passed","title":"should return start when t is 0"},{"ancestorTitles":["lerp"],"duration":0,"failureDetails":[],"failureMessages":[],"fullName":"lerp should return end when t is 1","invocations":1,"location":null,"numPassingAsserts":1,"retryReasons":[],"status":"passed","title":"should return end when t is 1"},{"ancestorTitles":["lerpVector"],"duration":5,"failureDetails":[],"failureMessages":[],"fullName":"lerpVector should interpolate vectors","invocations":1,"location":null,"numPassingAsserts":1,"retryReasons":[],"status":"passed","title":"should interpolate vectors"},{"ancestorTitles":["distance2D"],"duration":0,"failureDetails":[],"failureMessages":[],"fullName":"distance2D should calculate distance correctly","invocations":1,"location":null,"numPassingAsserts":1,"retryReasons":[],"status":"passed","title":"should calculate distance correctly"},{"ancestorTitles":["distance2D"],"duration":1,"failureDetails":[],"failureMessages":[],"fullName":"distance2D should return 0 for same point","invocations":1,"location":null,"numPassingAsserts":1,"retryReasons":[],"status":"passed","title":"should return 0 for same point"},{"ancestorTitles":["formatTime"],"duration":22,"failureDetails":[],"failureMessages":[],"fullName":"formatTime should return a string","invocations":1,"location":null,"numPassingAsserts":1,"retryReasons":[],"status":"passed","title":"should return a string"}],"endTime":1780164879621,"message":"","name":"D:\\Projects\\node\\PuppetPals\\test\\utils.test.js","startTime":1780164878731,"status":"passed","summary":""},{"assertionResults":[{"ancestorTitles":["Constants"],"duration":8,"failureDetails":[],"failureMessages":[],"fullName":"Constants should export an object","invocations":1,"location":null,"numPassingAsserts":1,"retryReasons":[],"status":"passed","title":"should export an object"},{"ancestorTitles":["Constants"],"duration":0,"failureDetails":[],"failureMessages":[],"fullName":"Constants should have MAX_PLAYERS","invocations":1,"location":null,"numPassingAsserts":2,"retryReasons":[],"status":"passed","title":"should have MAX_PLAYERS"},{"ancestorTitles":["Constants"],"duration":0,"failureDetails":[],"failureMessages":[],"fullName":"Constants should have NICKNAME_MIN_LENGTH","invocations":1,"location":null,"numPassingAsserts":1,"retryReasons":[],"status":"passed","title":"should have NICKNAME_MIN_LENGTH"},{"ancestorTitles":["Constants"],"duration":0,"failureDetails":[],"failureMessages":[],"fullName":"Constants should have NICKNAME_MAX_LENGTH","invocations":1,"location":null,"numPassingAsserts":1,"retryReasons":[],"status":"passed","title":"should have NICKNAME_MAX_LENGTH"},{"ancestorTitles":["Constants"],"duration":0,"failureDetails":[],"failureMessages":[],"fullName":"Constants should have ROLES","invocations":1,"location":null,"numPassingAsserts":2,"retryReasons":[],"status":"passed","title":"should have ROLES"},{"ancestorTitles":["Constants"],"duration":1,"failureDetails":[],"failureMessages":[],"fullName":"Constants should have STAGE_LOCATIONS","invocations":1,"location":null,"numPassingAsserts":2,"retryReasons":[],"status":"passed","title":"should have STAGE_LOCATIONS"},{"ancestorTitles":["Constants"],"duration":1,"failureDetails":[],"failureMessages":[],"fullName":"Constants should have ANIMATIONS array","invocations":1,"location":null,"numPassingAsserts":2,"retryReasons":[],"status":"passed","title":"should have ANIMATIONS array"},{"ancestorTitles":["Constants"],"duration":0,"failureDetails":[],"failureMessages":[],"fullName":"Constants should have BONE_NAMES array","invocations":1,"location":null,"numPassingAsserts":2,"retryReasons":[],"status":"passed","title":"should have BONE_NAMES array"}],"endTime":1780164879591,"message":"","name":"D:\\Projects\\node\\PuppetPals\\test\\constants.test.js","startTime":1780164878747,"status":"passed","summary":""},{"assertionResults":[{"ancestorTitles":["MeshLoader Class - Constructor"],"duration":6,"failureDetails":[],"failureMessages":[],"fullName":"MeshLoader Class - Constructor should create a MeshLoader instance","invocations":1,"location":null,"numPassingAsserts":1,"retryReasons":[],"status":"passed","title":"should create a MeshLoader instance"},{"ancestorTitles":["MeshLoader Class - Constructor"],"duration":1,"failureDetails":[],"failureMessages":[],"fullName":"MeshLoader Class - Constructor should track loaded meshes","invocations":1,"location":null,"numPassingAsserts":1,"retryReasons":[],"status":"passed","title":"should track loaded meshes"},{"ancestorTitles":["MeshLoader Class - createSpriteMesh()"],"duration":1,"failureDetails":[],"failureMessages":[],"fullName":"MeshLoader Class - createSpriteMesh() should create a sprite mesh from texture and scale","invocations":1,"location":null,"numPassingAsserts":3,"retryReasons":[],"status":"passed","title":"should create a sprite mesh from texture and scale"},{"ancestorTitles":["MeshLoader Class - createSpriteMesh()"],"duration":0,"failureDetails":[],"failureMessages":[],"fullName":"MeshLoader Class - createSpriteMesh() should apply dimensions to the mesh geometry","invocations":1,"location":null,"numPassingAsserts":2,"retryReasons":[],"status":"passed","title":"should apply dimensions to the mesh geometry"},{"ancestorTitles":["MeshLoader Class - createSpriteMesh()"],"duration":1,"failureDetails":[],"failureMessages":[],"fullName":"MeshLoader Class - createSpriteMesh() should name the mesh with asset name","invocations":1,"location":null,"numPassingAsserts":1,"retryReasons":[],"status":"passed","title":"should name the mesh with asset name"},{"ancestorTitles":["MeshLoader Class - createSpriteMesh()"],"duration":0,"failureDetails":[],"failureMessages":[],"fullName":"MeshLoader Class - createSpriteMesh() should use default name when not provided","invocations":1,"location":null,"numPassingAsserts":1,"retryReasons":[],"status":"passed","title":"should use default name when not provided"},{"ancestorTitles":["MeshLoader Class - createSpriteMesh()"],"duration":1,"failureDetails":[],"failureMessages":[],"fullName":"MeshLoader Class - createSpriteMesh() should create mesh with transparent material support","invocations":1,"location":null,"numPassingAsserts":1,"retryReasons":[],"status":"passed","title":"should create mesh with transparent material support"},{"ancestorTitles":["MeshLoader Class - createPlaneMesh()"],"duration":0,"failureDetails":[],"failureMessages":[],"fullName":"MeshLoader Class - createPlaneMesh() should create a plane mesh from texture and dimensions","invocations":1,"location":null,"numPassingAsserts":3,"retryReasons":[],"status":"passed","title":"should create a plane mesh from texture and dimensions"},{"ancestorTitles":["MeshLoader Class - createPlaneMesh()"],"duration":3,"failureDetails":[],"failureMessages":[],"fullName":"MeshLoader Class - createPlaneMesh() should apply correct geometry dimensions","invocations":1,"location":null,"numPassingAsserts":2,"retryReasons":[],"status":"passed","title":"should apply correct geometry dimensions"},{"ancestorTitles":["MeshLoader Class - createPlaneMesh()"],"duration":1,"failureDetails":[],"failureMessages":[],"fullName":"MeshLoader Class - createPlaneMesh() should assign texture to material","invocations":1,"location":null,"numPassingAsserts":1,"retryReasons":[],"status":"passed","title":"should assign texture to material"},{"ancestorTitles":["MeshLoader Class - createPlaneMesh()"],"duration":0,"failureDetails":[],"failureMessages":[],"fullName":"MeshLoader Class - createPlaneMesh() should enable transparency on material","invocations":1,"location":null,"numPassingAsserts":1,"retryReasons":[],"status":"passed","title":"should enable transparency on material"},{"ancestorTitles":["MeshLoader Class - createPlaneMesh()"],"duration":0,"failureDetails":[],"failureMessages":[],"fullName":"MeshLoader Class - createPlaneMesh() should name the mesh","invocations":1,"location":null,"numPassingAsserts":1,"retryReasons":[],"status":"passed","title":"should name the mesh"},{"ancestorTitles":["MeshLoader Class - loadBoneMesh()"],"duration":1,"failureDetails":[],"failureMessages":[],"fullName":"MeshLoader Class - loadBoneMesh() should load a mesh for a bone and cache it","invocations":1,"location":null,"numPassingAsserts":2,"retryReasons":[],"status":"passed","title":"should load a mesh for a bone and cache it"},{"ancestorTitles":["MeshLoader Class - loadBoneMesh()"],"duration":0,"failureDetails":[],"failureMessages":[],"fullName":"MeshLoader Class - loadBoneMesh() should create sprite type mesh when specified","invocations":1,"location":null,"numPassingAsserts":1,"retryReasons":[],"status":"passed","title":"should create sprite type mesh when specified"},{"ancestorTitles":["MeshLoader Class - loadBoneMesh()"],"duration":0,"failureDetails":[],"failureMessages":[],"fullName":"MeshLoader Class - loadBoneMesh() should default to plane mesh type","invocations":1,"location":null,"numPassingAsserts":2,"retryReasons":[],"status":"passed","title":"should default to plane mesh type"},{"ancestorTitles":["MeshLoader Class - loadBoneMesh()"],"duration":1,"failureDetails":[],"failureMessages":[],"fullName":"MeshLoader Class - loadBoneMesh() should use bone scale for mesh dimensions","invocations":1,"location":null,"numPassingAsserts":2,"retryReasons":[],"status":"passed","title":"should use bone scale for mesh dimensions"},{"ancestorTitles":["MeshLoader Class - loadBoneMesh()"],"duration":0,"failureDetails":[],"failureMessages":[],"fullName":"MeshLoader Class - loadBoneMesh() should default bone scale to 1,1 when not provided","invocations":1,"location":null,"numPassingAsserts":2,"retryReasons":[],"status":"passed","title":"should default bone scale to 1,1 when not provided"},{"ancestorTitles":["MeshLoader Class - loadBoneMesh()"],"duration":0,"failureDetails":[],"failureMessages":[],"fullName":"MeshLoader Class - loadBoneMesh() should name mesh after bone id","invocations":1,"location":null,"numPassingAsserts":1,"retryReasons":[],"status":"passed","title":"should name mesh after bone id"},{"ancestorTitles":["MeshLoader Class - loadSkeletonMeshes()"],"duration":1,"failureDetails":[],"failureMessages":[],"fullName":"MeshLoader Class - loadSkeletonMeshes() should load meshes for all bones in a skeleton","invocations":1,"location":null,"numPassingAsserts":2,"retryReasons":[],"status":"passed","title":"should load meshes for all bones in a skeleton"},{"ancestorTitles":["MeshLoader Class - loadSkeletonMeshes()"],"duration":1,"failureDetails":[],"failureMessages":[],"fullName":"MeshLoader Class - loadSkeletonMeshes() should skip bones without asset defined","invocations":1,"location":null,"numPassingAsserts":2,"retryReasons":[],"status":"passed","title":"should skip bones without asset defined"},{"ancestorTitles":["MeshLoader Class - loadSkeletonMeshes()"],"duration":0,"failureDetails":[],"failureMessages":[],"fullName":"MeshLoader Class - loadSkeletonMeshes() should skip bones without texture in map","invocations":1,"location":null,"numPassingAsserts":1,"retryReasons":[],"status":"passed","title":"should skip bones without texture in map"},{"ancestorTitles":["MeshLoader Class - loadSkeletonMeshes()"],"duration":0,"failureDetails":[],"failureMessages":[],"fullName":"MeshLoader Class - loadSkeletonMeshes() should handle empty skeleton","invocations":1,"location":null,"numPassingAsserts":1,"retryReasons":[],"status":"passed","title":"should handle empty skeleton"},{"ancestorTitles":["MeshLoader Class - createPlaceholderMesh()"],"duration":1,"failureDetails":[],"failureMessages":[],"fullName":"MeshLoader Class - createPlaceholderMesh() should create a colored placeholder mesh","invocations":1,"location":null,"numPassingAsserts":4,"retryReasons":[],"status":"passed","title":"should create a colored placeholder mesh"},{"ancestorTitles":["MeshLoader Class - createPlaceholderMesh()"],"duration":0,"failureDetails":[],"failureMessages":[],"fullName":"MeshLoader Class - createPlaceholderMesh() should apply custom dimensions","invocations":1,"location":null,"numPassingAsserts":2,"retryReasons":[],"status":"passed","title":"should apply custom dimensions"},{"ancestorTitles":["MeshLoader Class - createPlaceholderMesh()"],"duration":0,"failureDetails":[],"failureMessages":[],"fullName":"MeshLoader Class - createPlaceholderMesh() should create mesh without texture","invocations":1,"location":null,"numPassingAsserts":1,"retryReasons":[],"status":"passed","title":"should create mesh without texture"},{"ancestorTitles":["MeshLoader Class - disposeMesh()"],"duration":1,"failureDetails":[],"failureMessages":[],"fullName":"MeshLoader Class - disposeMesh() should remove a mesh from cache","invocations":1,"location":null,"numPassingAsserts":1,"retryReasons":[],"status":"passed","title":"should remove a mesh from cache"},{"ancestorTitles":["MeshLoader Class - disposeMesh()"],"duration":0,"failureDetails":[],"failureMessages":[],"fullName":"MeshLoader Class - disposeMesh() should not throw for non-existent mesh","invocations":1,"location":null,"numPassingAsserts":1,"retryReasons":[],"status":"passed","title":"should not throw for non-existent mesh"},{"ancestorTitles":["MeshLoader Class - disposeAll()"],"duration":0,"failureDetails":[],"failureMessages":[],"fullName":"MeshLoader Class - disposeAll() should clear all loaded meshes","invocations":1,"location":null,"numPassingAsserts":1,"retryReasons":[],"status":"passed","title":"should clear all loaded meshes"},{"ancestorTitles":["MeshLoader Class - Integration"],"duration":0,"failureDetails":[],"failureMessages":[],"fullName":"MeshLoader Class - Integration should support full bone mesh loading workflow","invocations":1,"location":null,"numPassingAsserts":7,"retryReasons":[],"status":"passed","title":"should support full bone mesh loading workflow"}],"endTime":1780164879585,"message":"","name":"D:\\Projects\\node\\PuppetPals\\test\\meshLoader.test.js","startTime":1780164878732,"status":"passed","summary":""},{"assertionResults":[{"ancestorTitles":["AssetManager construction"],"duration":6,"failureDetails":[],"failureMessages":[],"fullName":"AssetManager construction should create an instance with default base path","invocations":1,"location":null,"numPassingAsserts":1,"retryReasons":[],"status":"passed","title":"should create an instance with default base path"},{"ancestorTitles":["AssetManager construction"],"duration":0,"failureDetails":[],"failureMessages":[],"fullName":"AssetManager construction should accept a custom base path","invocations":1,"location":null,"numPassingAsserts":1,"retryReasons":[],"status":"passed","title":"should accept a custom base path"},{"ancestorTitles":["AssetManager construction"],"duration":19,"failureDetails":[],"failureMessages":[],"fullName":"AssetManager construction should initialize asset categories","invocations":1,"location":null,"numPassingAsserts":4,"retryReasons":[],"status":"passed","title":"should initialize asset categories"},{"ancestorTitles":["AssetManager validateFile"],"duration":0,"failureDetails":[],"failureMessages":[],"fullName":"AssetManager validateFile should accept valid PNG file","invocations":1,"location":null,"numPassingAsserts":1,"retryReasons":[],"status":"passed","title":"should accept valid PNG file"},{"ancestorTitles":["AssetManager validateFile"],"duration":1,"failureDetails":[],"failureMessages":[],"fullName":"AssetManager validateFile should accept valid JSON file","invocations":1,"location":null,"numPassingAsserts":1,"retryReasons":[],"status":"passed","title":"should accept valid JSON file"},{"ancestorTitles":["AssetManager validateFile"],"duration":1,"failureDetails":[],"failureMessages":[],"fullName":"AssetManager validateFile should reject invalid file extension","invocations":1,"location":null,"numPassingAsserts":2,"retryReasons":[],"status":"passed","title":"should reject invalid file extension"},{"ancestorTitles":["AssetManager validateFile"],"duration":0,"failureDetails":[],"failureMessages":[],"fullName":"AssetManager validateFile should reject file that is too large","invocations":1,"location":null,"numPassingAsserts":2,"retryReasons":[],"status":"passed","title":"should reject file that is too large"},{"ancestorTitles":["AssetManager validateFile"],"duration":1,"failureDetails":[],"failureMessages":[],"fullName":"AssetManager validateFile should accept valid JPG file","invocations":1,"location":null,"numPassingAsserts":1,"retryReasons":[],"status":"passed","title":"should accept valid JPG file"},{"ancestorTitles":["AssetManager validateFile"],"duration":0,"failureDetails":[],"failureMessages":[],"fullName":"AssetManager validateFile should accept valid webp file","invocations":1,"location":null,"numPassingAsserts":1,"retryReasons":[],"status":"passed","title":"should accept valid webp file"},{"ancestorTitles":["AssetManager addAsset"],"duration":1,"failureDetails":[],"failureMessages":[],"fullName":"AssetManager addAsset should add a puppet asset","invocations":1,"location":null,"numPassingAsserts":2,"retryReasons":[],"status":"passed","title":"should add a puppet asset"},{"ancestorTitles":["AssetManager addAsset"],"duration":0,"failureDetails":[],"failureMessages":[],"fullName":"AssetManager addAsset should add a background asset","invocations":1,"location":null,"numPassingAsserts":2,"retryReasons":[],"status":"passed","title":"should add a background asset"},{"ancestorTitles":["AssetManager addAsset"],"duration":1,"failureDetails":[],"failureMessages":[],"fullName":"AssetManager addAsset should add a JSON config asset","invocations":1,"location":null,"numPassingAsserts":1,"retryReasons":[],"status":"passed","title":"should add a JSON config asset"},{"ancestorTitles":["AssetManager addAsset"],"duration":0,"failureDetails":[],"failureMessages":[],"fullName":"AssetManager addAsset should reject invalid asset type","invocations":1,"location":null,"numPassingAsserts":2,"retryReasons":[],"status":"passed","title":"should reject invalid asset type"},{"ancestorTitles":["AssetManager addAsset"],"duration":0,"failureDetails":[],"failureMessages":[],"fullName":"AssetManager addAsset should return asset path on success","invocations":1,"location":null,"numPassingAsserts":2,"retryReasons":[],"status":"passed","title":"should return asset path on success"},{"ancestorTitles":["AssetManager getAssetManifest"],"duration":1,"failureDetails":[],"failureMessages":[],"fullName":"AssetManager getAssetManifest should return a manifest object with categories","invocations":1,"location":null,"numPassingAsserts":4,"retryReasons":[],"status":"passed","title":"should return a manifest object with categories"},{"ancestorTitles":["AssetManager getAssetManifest"],"duration":1,"failureDetails":[],"failureMessages":[],"fullName":"AssetManager getAssetManifest should return empty arrays when no assets added","invocations":1,"location":null,"numPassingAsserts":3,"retryReasons":[],"status":"passed","title":"should return empty arrays when no assets added"},{"ancestorTitles":["AssetManager getAssetManifest"],"duration":0,"failureDetails":[],"failureMessages":[],"fullName":"AssetManager getAssetManifest should include added assets in manifest","invocations":1,"location":null,"numPassingAsserts":1,"retryReasons":[],"status":"passed","title":"should include added assets in manifest"},{"ancestorTitles":["AssetManager deleteAsset"],"duration":1,"failureDetails":[],"failureMessages":[],"fullName":"AssetManager deleteAsset should delete an existing asset","invocations":1,"location":null,"numPassingAsserts":1,"retryReasons":[],"status":"passed","title":"should delete an existing asset"},{"ancestorTitles":["AssetManager deleteAsset"],"duration":0,"failureDetails":[],"failureMessages":[],"fullName":"AssetManager deleteAsset should fail to delete non-existent asset","invocations":1,"location":null,"numPassingAsserts":1,"retryReasons":[],"status":"passed","title":"should fail to delete non-existent asset"},{"ancestorTitles":["AssetManager deleteAsset"],"duration":0,"failureDetails":[],"failureMessages":[],"fullName":"AssetManager deleteAsset should remove asset from internal tracking","invocations":1,"location":null,"numPassingAsserts":1,"retryReasons":[],"status":"passed","title":"should remove asset from internal tracking"},{"ancestorTitles":["AssetManager getAsset"],"duration":1,"failureDetails":[],"failureMessages":[],"fullName":"AssetManager getAsset should retrieve an existing asset by id","invocations":1,"location":null,"numPassingAsserts":3,"retryReasons":[],"status":"passed","title":"should retrieve an existing asset by id"},{"ancestorTitles":["AssetManager getAsset"],"duration":0,"failureDetails":[],"failureMessages":[],"fullName":"AssetManager getAsset should return null for non-existent asset","invocations":1,"location":null,"numPassingAsserts":1,"retryReasons":[],"status":"passed","title":"should return null for non-existent asset"},{"ancestorTitles":["AssetManager searchAssets"],"duration":0,"failureDetails":[],"failureMessages":[],"fullName":"AssetManager searchAssets should find assets by name pattern","invocations":1,"location":null,"numPassingAsserts":2,"retryReasons":[],"status":"passed","title":"should find assets by name pattern"},{"ancestorTitles":["AssetManager searchAssets"],"duration":1,"failureDetails":[],"failureMessages":[],"fullName":"AssetManager searchAssets should return empty array when no matches","invocations":1,"location":null,"numPassingAsserts":1,"retryReasons":[],"status":"passed","title":"should return empty array when no matches"},{"ancestorTitles":["AssetManager searchAssets"],"duration":0,"failureDetails":[],"failureMessages":[],"fullName":"AssetManager searchAssets should filter by category","invocations":1,"location":null,"numPassingAsserts":2,"retryReasons":[],"status":"passed","title":"should filter by category"},{"ancestorTitles":["AssetManager getAllAssets"],"duration":1,"failureDetails":[],"failureMessages":[],"fullName":"AssetManager getAllAssets should return all assets across all categories","invocations":1,"location":null,"numPassingAsserts":1,"retryReasons":[],"status":"passed","title":"should return all assets across all categories"},{"ancestorTitles":["AssetManager getAllAssets"],"duration":0,"failureDetails":[],"failureMessages":[],"fullName":"AssetManager getAllAssets should return empty array when no assets","invocations":1,"location":null,"numPassingAsserts":1,"retryReasons":[],"status":"passed","title":"should return empty array when no assets"},{"ancestorTitles":["AssetManager upload metadata"],"duration":0,"failureDetails":[],"failureMessages":[],"fullName":"AssetManager upload metadata should allow upload and return success","invocations":1,"location":null,"numPassingAsserts":1,"retryReasons":[],"status":"passed","title":"should allow upload and return success"},{"ancestorTitles":["AssetManager upload metadata"],"duration":0,"failureDetails":[],"failureMessages":[],"fullName":"AssetManager upload metadata should record upload metadata","invocations":1,"location":null,"numPassingAsserts":2,"retryReasons":[],"status":"passed","title":"should record upload metadata"}],"endTime":1780164879622,"message":"","name":"D:\\Projects\\node\\PuppetPals\\test\\assetManager.test.js","startTime":1780164878735,"status":"passed","summary":""},{"assertionResults":[{"ancestorTitles":["SocketHandler Asset Events","upload-asset event"],"duration":34,"failureDetails":[],"failureMessages":[],"fullName":"SocketHandler Asset Events upload-asset event should require authentication before uploading","invocations":1,"location":null,"numPassingAsserts":3,"retryReasons":[],"status":"passed","title":"should require authentication before uploading"},{"ancestorTitles":["SocketHandler Asset Events","upload-asset event"],"duration":5,"failureDetails":[],"failureMessages":[],"fullName":"SocketHandler Asset Events upload-asset event should only allow owner to upload assets","invocations":1,"location":null,"numPassingAsserts":2,"retryReasons":[],"status":"passed","title":"should only allow owner to upload assets"},{"ancestorTitles":["SocketHandler Asset Events","upload-asset event"],"duration":15,"failureDetails":[],"failureMessages":[],"fullName":"SocketHandler Asset Events upload-asset event should successfully upload asset when owner","invocations":1,"location":null,"numPassingAsserts":2,"retryReasons":[],"status":"passed","title":"should successfully upload asset when owner"},{"ancestorTitles":["SocketHandler Asset Events","upload-asset event"],"duration":8,"failureDetails":[],"failureMessages":[],"fullName":"SocketHandler Asset Events upload-asset event should broadcast asset-uploaded to all clients","invocations":1,"location":null,"numPassingAsserts":1,"retryReasons":[],"status":"passed","title":"should broadcast asset-uploaded to all clients"},{"ancestorTitles":["SocketHandler Asset Events","upload-asset event"],"duration":5,"failureDetails":[],"failureMessages":[],"fullName":"SocketHandler Asset Events upload-asset event should reject invalid category","invocations":1,"location":null,"numPassingAsserts":1,"retryReasons":[],"status":"passed","title":"should reject invalid category"},{"ancestorTitles":["SocketHandler Asset Events","asset-manifest event"],"duration":3,"failureDetails":[],"failureMessages":[],"fullName":"SocketHandler Asset Events asset-manifest event should return asset manifest on request","invocations":1,"location":null,"numPassingAsserts":5,"retryReasons":[],"status":"passed","title":"should return asset manifest on request"},{"ancestorTitles":["SocketHandler Asset Events","delete-asset event"],"duration":2,"failureDetails":[],"failureMessages":[],"fullName":"SocketHandler Asset Events delete-asset event should only allow owner to delete assets","invocations":1,"location":null,"numPassingAsserts":2,"retryReasons":[],"status":"passed","title":"should only allow owner to delete assets"},{"ancestorTitles":["SocketHandler Asset Events","delete-asset event"],"duration":2,"failureDetails":[],"failureMessages":[],"fullName":"SocketHandler Asset Events delete-asset event should successfully delete asset when owner","invocations":1,"location":null,"numPassingAsserts":2,"retryReasons":[],"status":"passed","title":"should successfully delete asset when owner"},{"ancestorTitles":["SocketHandler Asset Events","delete-asset event"],"duration":3,"failureDetails":[],"failureMessages":[],"fullName":"SocketHandler Asset Events delete-asset event should broadcast deletion to all clients","invocations":1,"location":null,"numPassingAsserts":1,"retryReasons":[],"status":"passed","title":"should broadcast deletion to all clients"}],"endTime":1780164879632,"message":"","name":"D:\\Projects\\node\\PuppetPals\\test\\assetSocketHandler.test.js","startTime":1780164878715,"status":"passed","summary":""},{"assertionResults":[{"ancestorTitles":["Request 4: Default Puppet Assets","Default Puppet PNGs"],"duration":6,"failureDetails":[],"failureMessages":[],"fullName":"Request 4: Default Puppet Assets Default Puppet PNGs should include head.png","invocations":1,"location":null,"numPassingAsserts":2,"retryReasons":[],"status":"passed","title":"should include head.png"},{"ancestorTitles":["Request 4: Default Puppet Assets","Default Puppet PNGs"],"duration":0,"failureDetails":[],"failureMessages":[],"fullName":"Request 4: Default Puppet Assets Default Puppet PNGs should include torso.png","invocations":1,"location":null,"numPassingAsserts":2,"retryReasons":[],"status":"passed","title":"should include torso.png"},{"ancestorTitles":["Request 4: Default Puppet Assets","Default Puppet PNGs"],"duration":1,"failureDetails":[],"failureMessages":[],"fullName":"Request 4: Default Puppet Assets Default Puppet PNGs should include upper-arm-l.png","invocations":1,"location":null,"numPassingAsserts":2,"retryReasons":[],"status":"passed","title":"should include upper-arm-l.png"},{"ancestorTitles":["Request 4: Default Puppet Assets","Default Puppet PNGs"],"duration":0,"failureDetails":[],"failureMessages":[],"fullName":"Request 4: Default Puppet Assets Default Puppet PNGs should include upper-arm-r.png","invocations":1,"location":null,"numPassingAsserts":2,"retryReasons":[],"status":"passed","title":"should include upper-arm-r.png"},{"ancestorTitles":["Request 4: Default Puppet Assets","Default Puppet PNGs"],"duration":1,"failureDetails":[],"failureMessages":[],"fullName":"Request 4: Default Puppet Assets Default Puppet PNGs should include lower-arm-l.png","invocations":1,"location":null,"numPassingAsserts":2,"retryReasons":[],"status":"passed","title":"should include lower-arm-l.png"},{"ancestorTitles":["Request 4: Default Puppet Assets","Default Puppet PNGs"],"duration":0,"failureDetails":[],"failureMessages":[],"fullName":"Request 4: Default Puppet Assets Default Puppet PNGs should include lower-arm-r.png","invocations":1,"location":null,"numPassingAsserts":2,"retryReasons":[],"status":"passed","title":"should include lower-arm-r.png"},{"ancestorTitles":["Request 4: Default Puppet Assets","Default Puppet PNGs"],"duration":1,"failureDetails":[],"failureMessages":[],"fullName":"Request 4: Default Puppet Assets Default Puppet PNGs should include upper-leg-l.png","invocations":1,"location":null,"numPassingAsserts":2,"retryReasons":[],"status":"passed","title":"should include upper-leg-l.png"},{"ancestorTitles":["Request 4: Default Puppet Assets","Default Puppet PNGs"],"duration":0,"failureDetails":[],"failureMessages":[],"fullName":"Request 4: Default Puppet Assets Default Puppet PNGs should include upper-leg-r.png","invocations":1,"location":null,"numPassingAsserts":2,"retryReasons":[],"status":"passed","title":"should include upper-leg-r.png"},{"ancestorTitles":["Request 4: Default Puppet Assets","Default Puppet PNGs"],"duration":1,"failureDetails":[],"failureMessages":[],"fullName":"Request 4: Default Puppet Assets Default Puppet PNGs should include lower-leg-l.png","invocations":1,"location":null,"numPassingAsserts":2,"retryReasons":[],"status":"passed","title":"should include lower-leg-l.png"},{"ancestorTitles":["Request 4: Default Puppet Assets","Default Puppet PNGs"],"duration":3,"failureDetails":[],"failureMessages":[],"fullName":"Request 4: Default Puppet Assets Default Puppet PNGs should include lower-leg-r.png","invocations":1,"location":null,"numPassingAsserts":2,"retryReasons":[],"status":"passed","title":"should include lower-leg-r.png"},{"ancestorTitles":["Request 4: Default Puppet Assets","Default skeleton.json"],"duration":0,"failureDetails":[],"failureMessages":[],"fullName":"Request 4: Default Puppet Assets Default skeleton.json should have a name property","invocations":1,"location":null,"numPassingAsserts":4,"retryReasons":[],"status":"passed","title":"should have a name property"},{"ancestorTitles":["Request 4: Default Puppet Assets","Default skeleton.json"],"duration":1,"failureDetails":[],"failureMessages":[],"fullName":"Request 4: Default Puppet Assets Default skeleton.json should have a bones array","invocations":1,"location":null,"numPassingAsserts":2,"retryReasons":[],"status":"passed","title":"should have a bones array"},{"ancestorTitles":["Request 4: Default Puppet Assets","Default skeleton.json"],"duration":0,"failureDetails":[],"failureMessages":[],"fullName":"Request 4: Default Puppet Assets Default skeleton.json should have a root bone (parentId: null)","invocations":1,"location":null,"numPassingAsserts":1,"retryReasons":[],"status":"passed","title":"should have a root bone (parentId: null)"},{"ancestorTitles":["Request 4: Default Puppet Assets","Default skeleton.json"],"duration":1,"failureDetails":[],"failureMessages":[],"fullName":"Request 4: Default Puppet Assets Default skeleton.json should have bones for all required puppet parts","invocations":1,"location":null,"numPassingAsserts":10,"retryReasons":[],"status":"passed","title":"should have bones for all required puppet parts"},{"ancestorTitles":["Request 4: Default Puppet Assets","Default skeleton.json"],"duration":3,"failureDetails":[],"failureMessages":[],"fullName":"Request 4: Default Puppet Assets Default skeleton.json each bone should have required properties","invocations":1,"location":null,"numPassingAsserts":50,"retryReasons":[],"status":"passed","title":"each bone should have required properties"},{"ancestorTitles":["Request 4: Default Puppet Assets","Default skeleton.json"],"duration":1,"failureDetails":[],"failureMessages":[],"fullName":"Request 4: Default Puppet Assets Default skeleton.json child bones should reference valid parent bone ids","invocations":1,"location":null,"numPassingAsserts":9,"retryReasons":[],"status":"passed","title":"child bones should reference valid parent bone ids"},{"ancestorTitles":["Request 4: Default Puppet Assets","Default skeleton.json"],"duration":1,"failureDetails":[],"failureMessages":[],"fullName":"Request 4: Default Puppet Assets Default skeleton.json bone assets should reference existing png files","invocations":1,"location":null,"numPassingAsserts":10,"retryReasons":[],"status":"passed","title":"bone assets should reference existing png files"},{"ancestorTitles":["Request 4: Editor CSS"],"duration":0,"failureDetails":[],"failureMessages":[],"fullName":"Request 4: Editor CSS editor.css file should exist","invocations":1,"location":null,"numPassingAsserts":1,"retryReasons":[],"status":"passed","title":"editor.css file should exist"},{"ancestorTitles":["Request 4: Editor CSS"],"duration":1,"failureDetails":[],"failureMessages":[],"fullName":"Request 4: Editor CSS editor.css should not be empty","invocations":1,"location":null,"numPassingAsserts":1,"retryReasons":[],"status":"passed","title":"editor.css should not be empty"},{"ancestorTitles":["Request 4: Editor CSS"],"duration":2,"failureDetails":[{"matcherResult":{"message":"\u001b[2mexpect(\u001b[22m\u001b[31mreceived\u001b[39m\u001b[2m).\u001b[22mtoMatch\u001b[2m(\u001b[22m\u001b[32mexpected\u001b[39m\u001b[2m)\u001b[22m\n\nExpected pattern: \u001b[32m/asset-browser/\u001b[39m\nReceived string:  \u001b[31m\"/** Puppet Editor UI Styles·\u001b[39m\n\u001b[31m * Styles for the in-browser puppet editor panel·\u001b[39m\n\u001b[31m * Includes bone list, properties panel, socket editor, and action buttons·\u001b[39m\n\u001b[31m */···\u001b[39m\n\u001b[31m/* =====================·\u001b[39m\n\u001b[31m * Editor Container·\u001b[39m\n\u001b[31m * ===================== */···\u001b[39m\n\u001b[31m.puppet-editor-overlay {·\u001b[39m\n\u001b[31m  position: fixed;·\u001b[39m\n\u001b[31m  top: 0;·\u001b[39m\n\u001b[31m  left: 0;·\u001b[39m\n\u001b[31m  width: 100%;·\u001b[39m\n\u001b[31m  height: 100%;·\u001b[39m\n\u001b[31m  background: rgba(0, 0, 0, 0.6);·\u001b[39m\n\u001b[31m  display: none;·\u001b[39m\n\u001b[31m  justify-content: center;·\u001b[39m\n\u001b[31m  align-items: center;·\u001b[39m\n\u001b[31m  z-index: 1000;·\u001b[39m\n\u001b[31m}···\u001b[39m\n\u001b[31m.puppet-editor-overlay.active {·\u001b[39m\n\u001b[31m  display: flex;·\u001b[39m\n\u001b[31m}···\u001b[39m\n\u001b[31m.puppet-editor-container {·\u001b[39m\n\u001b[31m  background: #1e1e2e;·\u001b[39m\n\u001b[31m  color: #cdd6f4;·\u001b[39m\n\u001b[31m  border-radius: 8px;·\u001b[39m\n\u001b[31m  width: 900px;·\u001b[39m\n\u001b[31m  max-width: 95vw;·\u001b[39m\n\u001b[31m  max-height: 90vh;·\u001b[39m\n\u001b[31m  display: flex;·\u001b[39m\n\u001b[31m  flex-direction: column;·\u001b[39m\n\u001b[31m  box-shadow: 0 8px 32px rgba(0, 0, 0, 0.5);·\u001b[39m\n\u001b[31m  overflow: hidden;·\u001b[39m\n\u001b[31m}···\u001b[39m\n\u001b[31m/* =====================·\u001b[39m\n\u001b[31m * Editor Header·\u001b[39m\n\u001b[31m * ===================== */···\u001b[39m\n\u001b[31m.puppet-editor-header {·\u001b[39m\n\u001b[31m  display: flex;·\u001b[39m\n\u001b[31m  justify-content: space-between;·\u001b[39m\n\u001b[31m  align-items: center;·\u001b[39m\n\u001b[31m  padding: 12px 16px;·\u001b[39m\n\u001b[31m  background: #181825;·\u001b[39m\n\u001b[31m  border-bottom: 1px solid #313244;·\u001b[39m\n\u001b[31m}···\u001b[39m\n\u001b[31m.puppet-editor-header h2 {·\u001b[39m\n\u001b[31m  margin: 0;·\u001b[39m\n\u001b[31m  font-size: 18px;·\u001b[39m\n\u001b[31m  font-weight: 600;·\u001b[39m\n\u001b[31m  color: #cba6f7;·\u001b[39m\n\u001b[31m}···\u001b[39m\n\u001b[31m.puppet-editor-header-actions {·\u001b[39m\n\u001b[31m  display: flex;·\u001b[39m\n\u001b[31m  gap: 8px;·\u001b[39m\n\u001b[31m}···\u001b[39m\n\u001b[31m/* =====================·\u001b[39m\n\u001b[31m * Editor Body Layout·\u001b[39m\n\u001b[31m * ===================== */···\u001b[39m\n\u001b[31m.puppet-editor-body {·\u001b[39m\n\u001b[31m  display: flex;·\u001b[39m\n\u001b[31m  flex: 1;·\u001b[39m\n\u001b[31m  overflow: hidden;·\u001b[39m\n\u001b[31m}···\u001b[39m\n\u001b[31m/* =====================·\u001b[39m\n\u001b[31m * Bone List Panel (Left)·\u001b[39m\n\u001b[31m * ===================== */···\u001b[39m\n\u001b[31m.puppet-editor-bone-list {·\u001b[39m\n\u001b[31m  width: 220px;·\u001b[39m\n\u001b[31m  min-width: 180px;·\u001b[39m\n\u001b[31m  background: #181825;·\u001b[39m\n\u001b[31m  border-right: 1px solid #313244;·\u001b[39m\n\u001b[31m  overflow-y: auto;·\u001b[39m\n\u001b[31m  padding: 8px 0;·\u001b[39m\n\u001b[31m}···\u001b[39m\n\u001b[31m.puppet-editor-bone-list h3 {·\u001b[39m\n\u001b[31m  margin: 0 0 8px 0;·\u001b[39m\n\u001b[31m  padding: 4px 12px;·\u001b[39m\n\u001b[31m  font-size: 12px;·\u001b[39m\n\u001b[31m  font-weight: 600;·\u001b[39m\n\u001b[31m  text-transform: uppercase;·\u001b[39m\n\u001b[31m  color: #6c7086;·\u001b[39m\n\u001b[31m  letter-spacing: 0.5px;·\u001b[39m\n\u001b[31m}···\u001b[39m\n\u001b[31m.bone-list-item {·\u001b[39m\n\u001b[31m  display: flex;·\u001b[39m\n\u001b[31m  align-items: center;·\u001b[39m\n\u001b[31m  padding: 6px 12px;·\u001b[39m\n\u001b[31m  cursor: pointer;·\u001b[39m\n\u001b[31m  transition: background 0.15s;·\u001b[39m\n\u001b[31m  font-size: 14px;·\u001b[39m\n\u001b[31m  user-select: none;·\u001b[39m\n\u001b[31m}···\u001b[39m\n\u001b[31m.bone-list-item:hover {·\u001b[39m\n\u001b[31m  background: #313244;·\u001b[39m\n\u001b[31m}···\u001b[39m\n\u001b[31m.bone-list-item.selected {·\u001b[39m\n\u001b[31m  background: #45475a;·\u001b[39m\n\u001b[31m  color: #cba6f7;·\u001b[39m\n\u001b[31m}···\u001b[39m\n\u001b[31m.bone-list-item .bone-indent {·\u001b[39m\n\u001b[31m  display: inline-block;·\u001b[39m\n\u001b[31m  width: 16px;·\u001b[39m\n\u001b[31m}···\u001b[39m\n\u001b[31m.bone-list-item .bone-icon {·\u001b[39m\n\u001b[31m  margin-right: 6px;·\u001b[39m\n\u001b[31m  font-size: 12px;·\u001b[39m\n\u001b[31m  color: #6c7086;·\u001b[39m\n\u001b[31m}···\u001b[39m\n\u001b[31m.bone-list-item .bone-name {·\u001b[39m\n\u001b[31m  flex: 1;·\u001b[39m\n\u001b[31m  overflow: hidden;·\u001b[39m\n\u001b[31m  text-overflow: ellipsis;·\u001b[39m\n\u001b[31m  white-space: nowrap;·\u001b[39m\n\u001b[31m}···\u001b[39m\n\u001b[31m.bone-list-item .bone-asset {·\u001b[39m\n\u001b[31m  font-size: 10px;·\u001b[39m\n\u001b[31m  color: #6c7086;·\u001b[39m\n\u001b[31m  margin-left: 4px;·\u001b[39m\n\u001b[31m}···\u001b[39m\n\u001b[31m/* =====================·\u001b[39m\n\u001b[31m * Properties Panel (Right)·\u001b[39m\n\u001b[31m * ===================== */···\u001b[39m\n\u001b[31m.puppet-editor-properties {·\u001b[39m\n\u001b[31m  flex: 1;·\u001b[39m\n\u001b[31m  overflow-y: auto;·\u001b[39m\n\u001b[31m  padding: 16px;·\u001b[39m\n\u001b[31m}···\u001b[39m\n\u001b[31m.puppet-editor-properties h3 {·\u001b[39m\n\u001b[31m  margin: 0 0 12px 0;·\u001b[39m\n\u001b[31m  font-size: 14px;·\u001b[39m\n\u001b[31m  font-weight: 600;·\u001b[39m\n\u001b[31m  color: #cba6f7;·\u001b[39m\n\u001b[31m}···\u001b[39m\n\u001b[31m.property-section {·\u001b[39m\n\u001b[31m  margin-bottom: 20px;·\u001b[39m\n\u001b[31m}···\u001b[39m\n\u001b[31m.property-section-title {·\u001b[39m\n\u001b[31m  font-size: 12px;·\u001b[39m\n\u001b[31m  font-weight: 600;·\u001b[39m\n\u001b[31m  text-transform: uppercase;·\u001b[39m\n\u001b[31m  color: #6c7086;·\u001b[39m\n\u001b[31m  letter-spacing: 0.5px;·\u001b[39m\n\u001b[31m  margin-bottom: 8px;·\u001b[39m\n\u001b[31m  padding-bottom: 4px;·\u001b[39m\n\u001b[31m  border-bottom: 1px solid #313244;·\u001b[39m\n\u001b[31m}···\u001b[39m\n\u001b[31m.property-row {·\u001b[39m\n\u001b[31m  display: flex;·\u001b[39m\n\u001b[31m  align-items: center;·\u001b[39m\n\u001b[31m  margin-bottom: 8px;·\u001b[39m\n\u001b[31m  gap: 8px;·\u001b[39m\n\u001b[31m}···\u001b[39m\n\u001b[31m.property-label {·\u001b[39m\n\u001b[31m  width: 80px;·\u001b[39m\n\u001b[31m  font-size: 13px;·\u001b[39m\n\u001b[31m  color: #a6adc8;·\u001b[39m\n\u001b[31m  flex-shrink: 0;·\u001b[39m\n\u001b[31m}···\u001b[39m\n\u001b[31m.property-input {·\u001b[39m\n\u001b[31m  flex: 1;·\u001b[39m\n\u001b[31m  background: #1e1e2e;·\u001b[39m\n\u001b[31m  border: 1px solid #313244;·\u001b[39m\n\u001b[31m  border-radius: 4px;·\u001b[39m\n\u001b[31m  color: #cdd6f4;·\u001b[39m\n\u001b[31m  padding: 4px 8px;·\u001b[39m\n\u001b[31m  font-size: 13px;·\u001b[39m\n\u001b[31m  min-width: 0;·\u001b[39m\n\u001b[31m}···\u001b[39m\n\u001b[31m.property-input:focus {·\u001b[39m\n\u001b[31m  outline: none;·\u001b[39m\n\u001b[31m  border-color: #cba6f7;·\u001b[39m\n\u001b[31m}···\u001b[39m\n\u001b[31m.property-slider {·\u001b[39m\n\u001b[31m  flex: 1;·\u001b[39m\n\u001b[31m  -webkit-appearance: none;·\u001b[39m\n\u001b[31m  appearance: none;·\u001b[39m\n\u001b[31m  height: 4px;·\u001b[39m\n\u001b[31m  background: #313244;·\u001b[39m\n\u001b[31m  border-radius: 2px;·\u001b[39m\n\u001b[31m  outline: none;·\u001b[39m\n\u001b[31m}···\u001b[39m\n\u001b[31m.property-slider::-webkit-slider-thumb {·\u001b[39m\n\u001b[31m  -webkit-appearance: none;·\u001b[39m\n\u001b[31m  appearance: none;·\u001b[39m\n\u001b[31m  width: 14px;·\u001b[39m\n\u001b[31m  height: 14px;·\u001b[39m\n\u001b[31m  border-radius: 50%;·\u001b[39m\n\u001b[31m  background: #cba6f7;·\u001b[39m\n\u001b[31m  cursor: pointer;·\u001b[39m\n\u001b[31m}···\u001b[39m\n\u001b[31m.property-slider::-moz-range-thumb {·\u001b[39m\n\u001b[31m  width: 14px;·\u001b[39m\n\u001b[31m  height: 14px;·\u001b[39m\n\u001b[31m  border-radius: 50%;·\u001b[39m\n\u001b[31m  background: #cba6f7;·\u001b[39m\n\u001b[31m  cursor: pointer;·\u001b[39m\n\u001b[31m  border: none;·\u001b[39m\n\u001b[31m}···\u001b[39m\n\u001b[31m.property-value {·\u001b[39m\n\u001b[31m  width: 60px;·\u001b[39m\n\u001b[31m  text-align: right;·\u001b[39m\n\u001b[31m  font-size: 13px;·\u001b[39m\n\u001b[31m  color: #a6adc8;·\u001b[39m\n\u001b[31m  font-family: monospace;·\u001b[39m\n\u001b[31m}···\u001b[39m\n\u001b[31m/* Asset selector */·\u001b[39m\n\u001b[31m.property-select {·\u001b[39m\n\u001b[31m  flex: 1;·\u001b[39m\n\u001b[31m  background: #1e1e2e;·\u001b[39m\n\u001b[31m  border: 1px solid #313244;·\u001b[39m\n\u001b[31m  border-radius: 4px;·\u001b[39m\n\u001b[31m  color: #cdd6f4;·\u001b[39m\n\u001b[31m  padding: 4px 8px;·\u001b[39m\n\u001b[31m  font-size: 13px;·\u001b[39m\n\u001b[31m  cursor: pointer;·\u001b[39m\n\u001b[31m}···\u001b[39m\n\u001b[31m.property-select:focus {·\u001b[39m\n\u001b[31m  outline: none;·\u001b[39m\n\u001b[31m  border-color: #cba6f7;·\u001b[39m\n\u001b[31m}···\u001b[39m\n\u001b[31m/* =====================·\u001b[39m\n\u001b[31m * No Selection State·\u001b[39m\n\u001b[31m * ===================== */···\u001b[39m\n\u001b[31m.puppet-editor-no-selection {·\u001b[39m\n\u001b[31m  display: flex;·\u001b[39m\n\u001b[31m  align-items: center;·\u001b[39m\n\u001b[31m  justify-content: center;·\u001b[39m\n\u001b[31m  flex: 1;·\u001b[39m\n\u001b[31m  color: #6c7086;·\u001b[39m\n\u001b[31m  font-size: 14px;·\u001b[39m\n\u001b[31m  text-align: center;·\u001b[39m\n\u001b[31m  padding: 40px;·\u001b[39m\n\u001b[31m}···\u001b[39m\n\u001b[31m/* =====================·\u001b[39m\n\u001b[31m * Editor Footer / Buttons·\u001b[39m\n\u001b[31m * ===================== */···\u001b[39m\n\u001b[31m.puppet-editor-footer {·\u001b[39m\n\u001b[31m  display: flex;·\u001b[39m\n\u001b[31m  justify-content: space-between;·\u001b[39m\n\u001b[31m  align-items: center;·\u001b[39m\n\u001b[31m  padding: 12px 16px;·\u001b[39m\n\u001b[31m  background: #181825;·\u001b[39m\n\u001b[31m  border-top: 1px solid #313244;·\u001b[39m\n\u001b[31m}···\u001b[39m\n\u001b[31m.puppet-editor-footer-left {·\u001b[39m\n\u001b[31m  display: flex;·\u001b[39m\n\u001b[31m  gap: 8px;·\u001b[39m\n\u001b[31m}···\u001b[39m\n\u001b[31m.puppet-editor-footer-right {·\u001b[39m\n\u001b[31m  display: flex;·\u001b[39m\n\u001b[31m  gap: 8px;·\u001b[39m\n\u001b[31m}···\u001b[39m\n\u001b[31m/* =====================·\u001b[39m\n\u001b[31m * Buttons·\u001b[39m\n\u001b[31m * ===================== */···\u001b[39m\n\u001b[31m.btn {·\u001b[39m\n\u001b[31m  padding: 6px 14px;·\u001b[39m\n\u001b[31m  border-radius: 4px;·\u001b[39m\n\u001b[31m  font-size: 13px;·\u001b[39m\n\u001b[31m  font-weight: 500;·\u001b[39m\n\u001b[31m  cursor: pointer;·\u001b[39m\n\u001b[31m  border: 1px solid transparent;·\u001b[39m\n\u001b[31m  transition: background 0.15s, border-color 0.15s;·\u001b[39m\n\u001b[31m}···\u001b[39m\n\u001b[31m.btn-secondary {·\u001b[39m\n\u001b[31m  background: #313244;·\u001b[39m\n\u001b[31m  color: #cdd6f4;·\u001b[39m\n\u001b[31m}···\u001b[39m\n\u001b[31m.btn-secondary:hover {·\u001b[39m\n\u001b[31m  background: #45475a;·\u001b[39m\n\u001b[31m}···\u001b[39m\n\u001b[31m.btn-primary {·\u001b[39m\n\u001b[31m  background: #cba6f7;·\u001b[39m\n\u001b[31m  color: #1e1e2e;·\u001b[39m\n\u001b[31m}···\u001b[39m\n\u001b[31m.btn-primary:hover {·\u001b[39m\n\u001b[31m  background: #b4befe;·\u001b[39m\n\u001b[31m}···\u001b[39m\n\u001b[31m.btn-danger {·\u001b[39m\n\u001b[31m  background: #f38ba8;·\u001b[39m\n\u001b[31m  color: #1e1e2e;·\u001b[39m\n\u001b[31m}···\u001b[39m\n\u001b[31m.btn-danger:hover {·\u001b[39m\n\u001b[31m  background: #eba0ac;·\u001b[39m\n\u001b[31m}···\u001b[39m\n\u001b[31m.btn-success {·\u001b[39m\n\u001b[31m  background: #a6e3a1;·\u001b[39m\n\u001b[31m  color: #1e1e2e;·\u001b[39m\n\u001b[31m}···\u001b[39m\n\u001b[31m.btn-success:hover {·\u001b[39m\n\u001b[31m  background: #94e2d5;·\u001b[39m\n\u001b[31m}···\u001b[39m\n\u001b[31m.btn:disabled {·\u001b[39m\n\u001b[31m  opacity: 0.5;·\u001b[39m\n\u001b[31m  cursor: not-allowed;·\u001b[39m\n\u001b[31m}···\u001b[39m\n\u001b[31m/* =====================·\u001b[39m\n\u001b[31m * Changes Indicator·\u001b[39m\n\u001b[31m * ===================== */···\u001b[39m\n\u001b[31m.changes-indicator {·\u001b[39m\n\u001b[31m  font-size: 12px;·\u001b[39m\n\u001b[31m  color: #f9e2af;·\u001b[39m\n\u001b[31m  display: flex;·\u001b[39m\n\u001b[31m  align-items: center;·\u001b[39m\n\u001b[31m  gap: 4px;·\u001b[39m\n\u001b[31m}···\u001b[39m\n\u001b[31m.changes-indicator .dot {·\u001b[39m\n\u001b[31m  width: 8px;·\u001b[39m\n\u001b[31m  height: 8px;·\u001b[39m\n\u001b[31m  border-radius: 50%;·\u001b[39m\n\u001b[31m  background: #f9e2af;·\u001b[39m\n\u001b[31m}···\u001b[39m\n\u001b[31m.changes-indicator.saved .dot {·\u001b[39m\n\u001b[31m  background: #a6e3a1;·\u001b[39m\n\u001b[31m}···\u001b[39m\n\u001b[31m.changes-indicator.saved {·\u001b[39m\n\u001b[31m  color: #a6e3a1;·\u001b[39m\n\u001b[31m}···\u001b[39m\n\u001b[31m/* =====================·\u001b[39m\n\u001b[31m * Socket Points Visualization·\u001b[39m\n\u001b[31m * ===================== */···\u001b[39m\n\u001b[31m.socket-point-indicator {·\u001b[39m\n\u001b[31m  position: absolute;·\u001b[39m\n\u001b[31m  width: 12px;·\u001b[39m\n\u001b[31m  height: 12px;·\u001b[39m\n\u001b[31m  border-radius: 50%;·\u001b[39m\n\u001b[31m  background: #f9e2af;·\u001b[39m\n\u001b[31m  border: 2px solid #1e1e2e;·\u001b[39m\n\u001b[31m  cursor: grab;·\u001b[39m\n\u001b[31m  transform: translate(-50%, -50%);·\u001b[39m\n\u001b[31m  z-index: 10;·\u001b[39m\n\u001b[31m  transition: background 0.15s;·\u001b[39m\n\u001b[31m}···\u001b[39m\n\u001b[31m.socket-point-indicator:hover {·\u001b[39m\n\u001b[31m  background: #fab387;·\u001b[39m\n\u001b[31m  transform: translate(-50%, -50%) scale(1.3);·\u001b[39m\n\u001b[31m}···\u001b[39m\n\u001b[31m.socket-point-indicator:active {·\u001b[39m\n\u001b[31m  cursor: grabbing;·\u001b[39m\n\u001b[31m}···\u001b[39m\n\u001b[31m/* =====================·\u001b[39m\n\u001b[31m * Scrollbar Styling·\u001b[39m\n\u001b[31m * ===================== */···\u001b[39m\n\u001b[31m.puppet-editor-bone-list::-webkit-scrollbar,·\u001b[39m\n\u001b[31m.puppet-editor-properties::-webkit-scrollbar {·\u001b[39m\n\u001b[31m  width: 6px;·\u001b[39m\n\u001b[31m}···\u001b[39m\n\u001b[31m.puppet-editor-bone-list::-webkit-scrollbar-track,·\u001b[39m\n\u001b[31m.puppet-editor-properties::-webkit-scrollbar-track {·\u001b[39m\n\u001b[31m  background: #1e1e2e;·\u001b[39m\n\u001b[31m}···\u001b[39m\n\u001b[31m.puppet-editor-bone-list::-webkit-scrollbar-thumb,·\u001b[39m\n\u001b[31m.puppet-editor-properties::-webkit-scrollbar-thumb {·\u001b[39m\n\u001b[31m  background: #45475a;·\u001b[39m\n\u001b[31m  border-radius: 3px;·\u001b[39m\n\u001b[31m}···\u001b[39m\n\u001b[31m.puppet-editor-bone-list::-webkit-scrollbar-thumb:hover,·\u001b[39m\n\u001b[31m.puppet-editor-properties::-webkit-scrollbar-thumb:hover {·\u001b[39m\n\u001b[31m  background: #585b70;·\u001b[39m\n\u001b[31m}···\u001b[39m\n\u001b[31m/* =====================·\u001b[39m\n\u001b[31m * Responsive Adjustments·\u001b[39m\n\u001b[31m * ===================== */···\u001b[39m\n\u001b[31m@media (max-width: 768px) {·\u001b[39m\n\u001b[31m  .puppet-editor-container {·\u001b[39m\n\u001b[31m    width: 100%;·\u001b[39m\n\u001b[31m    height: 100%;·\u001b[39m\n\u001b[31m    max-width: 100vw;·\u001b[39m\n\u001b[31m    max-height: 100vh;·\u001b[39m\n\u001b[31m    border-radius: 0;·\u001b[39m\n\u001b[31m  }···\u001b[39m\n\u001b[31m  .puppet-editor-body {·\u001b[39m\n\u001b[31m    flex-direction: column;·\u001b[39m\n\u001b[31m  }···\u001b[39m\n\u001b[31m  .puppet-editor-bone-list {·\u001b[39m\n\u001b[31m    width: 100%;·\u001b[39m\n\u001b[31m    max-height: 150px;·\u001b[39m\n\u001b[31m    border-right: none;·\u001b[39m\n\u001b[31m    border-bottom: 1px solid #313244;·\u001b[39m\n\u001b[31m  }·\u001b[39m\n\u001b[31m}\"\u001b[39m","pass":false}}],"failureMessages":["Error: \u001b[2mexpect(\u001b[22m\u001b[31mreceived\u001b[39m\u001b[2m).\u001b[22mtoMatch\u001b[2m(\u001b[22m\u001b[32mexpected\u001b[39m\u001b[2m)\u001b[22m\n\nExpected pattern: \u001b[32m/asset-browser/\u001b[39m\nReceived string:  \u001b[31m\"/** Puppet Editor UI Styles·\u001b[39m\n\u001b[31m * Styles for the in-browser puppet editor panel·\u001b[39m\n\u001b[31m * Includes bone list, properties panel, socket editor, and action buttons·\u001b[39m\n\u001b[31m */···\u001b[39m\n\u001b[31m/* =====================·\u001b[39m\n\u001b[31m * Editor Container·\u001b[39m\n\u001b[31m * ===================== */···\u001b[39m\n\u001b[31m.puppet-editor-overlay {·\u001b[39m\n\u001b[31m  position: fixed;·\u001b[39m\n\u001b[31m  top: 0;·\u001b[39m\n\u001b[31m  left: 0;·\u001b[39m\n\u001b[31m  width: 100%;·\u001b[39m\n\u001b[31m  height: 100%;·\u001b[39m\n\u001b[31m  background: rgba(0, 0, 0, 0.6);·\u001b[39m\n\u001b[31m  display: none;·\u001b[39m\n\u001b[31m  justify-content: center;·\u001b[39m\n\u001b[31m  align-items: center;·\u001b[39m\n\u001b[31m  z-index: 1000;·\u001b[39m\n\u001b[31m}···\u001b[39m\n\u001b[31m.puppet-editor-overlay.active {·\u001b[39m\n\u001b[31m  display: flex;·\u001b[39m\n\u001b[31m}···\u001b[39m\n\u001b[31m.puppet-editor-container {·\u001b[39m\n\u001b[31m  background: #1e1e2e;·\u001b[39m\n\u001b[31m  color: #cdd6f4;·\u001b[39m\n\u001b[31m  border-radius: 8px;·\u001b[39m\n\u001b[31m  width: 900px;·\u001b[39m\n\u001b[31m  max-width: 95vw;·\u001b[39m\n\u001b[31m  max-height: 90vh;·\u001b[39m\n\u001b[31m  display: flex;·\u001b[39m\n\u001b[31m  flex-direction: column;·\u001b[39m\n\u001b[31m  box-shadow: 0 8px 32px rgba(0, 0, 0, 0.5);·\u001b[39m\n\u001b[31m  overflow: hidden;·\u001b[39m\n\u001b[31m}···\u001b[39m\n\u001b[31m/* =====================·\u001b[39m\n\u001b[31m * Editor Header·\u001b[39m\n\u001b[31m * ===================== */···\u001b[39m\n\u001b[31m.puppet-editor-header {·\u001b[39m\n\u001b[31m  display: flex;·\u001b[39m\n\u001b[31m  justify-content: space-between;·\u001b[39m\n\u001b[31m  align-items: center;·\u001b[39m\n\u001b[31m  padding: 12px 16px;·\u001b[39m\n\u001b[31m  background: #181825;·\u001b[39m\n\u001b[31m  border-bottom: 1px solid #313244;·\u001b[39m\n\u001b[31m}···\u001b[39m\n\u001b[31m.puppet-editor-header h2 {·\u001b[39m\n\u001b[31m  margin: 0;·\u001b[39m\n\u001b[31m  font-size: 18px;·\u001b[39m\n\u001b[31m  font-weight: 600;·\u001b[39m\n\u001b[31m  color: #cba6f7;·\u001b[39m\n\u001b[31m}···\u001b[39m\n\u001b[31m.puppet-editor-header-actions {·\u001b[39m\n\u001b[31m  display: flex;·\u001b[39m\n\u001b[31m  gap: 8px;·\u001b[39m\n\u001b[31m}···\u001b[39m\n\u001b[31m/* =====================·\u001b[39m\n\u001b[31m * Editor Body Layout·\u001b[39m\n\u001b[31m * ===================== */···\u001b[39m\n\u001b[31m.puppet-editor-body {·\u001b[39m\n\u001b[31m  display: flex;·\u001b[39m\n\u001b[31m  flex: 1;·\u001b[39m\n\u001b[31m  overflow: hidden;·\u001b[39m\n\u001b[31m}···\u001b[39m\n\u001b[31m/* =====================·\u001b[39m\n\u001b[31m * Bone List Panel (Left)·\u001b[39m\n\u001b[31m * ===================== */···\u001b[39m\n\u001b[31m.puppet-editor-bone-list {·\u001b[39m\n\u001b[31m  width: 220px;·\u001b[39m\n\u001b[31m  min-width: 180px;·\u001b[39m\n\u001b[31m  background: #181825;·\u001b[39m\n\u001b[31m  border-right: 1px solid #313244;·\u001b[39m\n\u001b[31m  overflow-y: auto;·\u001b[39m\n\u001b[31m  padding: 8px 0;·\u001b[39m\n\u001b[31m}···\u001b[39m\n\u001b[31m.puppet-editor-bone-list h3 {·\u001b[39m\n\u001b[31m  margin: 0 0 8px 0;·\u001b[39m\n\u001b[31m  padding: 4px 12px;·\u001b[39m\n\u001b[31m  font-size: 12px;·\u001b[39m\n\u001b[31m  font-weight: 600;·\u001b[39m\n\u001b[31m  text-transform: uppercase;·\u001b[39m\n\u001b[31m  color: #6c7086;·\u001b[39m\n\u001b[31m  letter-spacing: 0.5px;·\u001b[39m\n\u001b[31m}···\u001b[39m\n\u001b[31m.bone-list-item {·\u001b[39m\n\u001b[31m  display: flex;·\u001b[39m\n\u001b[31m  align-items: center;·\u001b[39m\n\u001b[31m  padding: 6px 12px;·\u001b[39m\n\u001b[31m  cursor: pointer;·\u001b[39m\n\u001b[31m  transition: background 0.15s;·\u001b[39m\n\u001b[31m  font-size: 14px;·\u001b[39m\n\u001b[31m  user-select: none;·\u001b[39m\n\u001b[31m}···\u001b[39m\n\u001b[31m.bone-list-item:hover {·\u001b[39m\n\u001b[31m  background: #313244;·\u001b[39m\n\u001b[31m}···\u001b[39m\n\u001b[31m.bone-list-item.selected {·\u001b[39m\n\u001b[31m  background: #45475a;·\u001b[39m\n\u001b[31m  color: #cba6f7;·\u001b[39m\n\u001b[31m}···\u001b[39m\n\u001b[31m.bone-list-item .bone-indent {·\u001b[39m\n\u001b[31m  display: inline-block;·\u001b[39m\n\u001b[31m  width: 16px;·\u001b[39m\n\u001b[31m}···\u001b[39m\n\u001b[31m.bone-list-item .bone-icon {·\u001b[39m\n\u001b[31m  margin-right: 6px;·\u001b[39m\n\u001b[31m  font-size: 12px;·\u001b[39m\n\u001b[31m  color: #6c7086;·\u001b[39m\n\u001b[31m}···\u001b[39m\n\u001b[31m.bone-list-item .bone-name {·\u001b[39m\n\u001b[31m  flex: 1;·\u001b[39m\n\u001b[31m  overflow: hidden;·\u001b[39m\n\u001b[31m  text-overflow: ellipsis;·\u001b[39m\n\u001b[31m  white-space: nowrap;·\u001b[39m\n\u001b[31m}···\u001b[39m\n\u001b[31m.bone-list-item .bone-asset {·\u001b[39m\n\u001b[31m  font-size: 10px;·\u001b[39m\n\u001b[31m  color: #6c7086;·\u001b[39m\n\u001b[31m  margin-left: 4px;·\u001b[39m\n\u001b[31m}···\u001b[39m\n\u001b[31m/* =====================·\u001b[39m\n\u001b[31m * Properties Panel (Right)·\u001b[39m\n\u001b[31m * ===================== */···\u001b[39m\n\u001b[31m.puppet-editor-properties {·\u001b[39m\n\u001b[31m  flex: 1;·\u001b[39m\n\u001b[31m  overflow-y: auto;·\u001b[39m\n\u001b[31m  padding: 16px;·\u001b[39m\n\u001b[31m}···\u001b[39m\n\u001b[31m.puppet-editor-properties h3 {·\u001b[39m\n\u001b[31m  margin: 0 0 12px 0;·\u001b[39m\n\u001b[31m  font-size: 14px;·\u001b[39m\n\u001b[31m  font-weight: 600;·\u001b[39m\n\u001b[31m  color: #cba6f7;·\u001b[39m\n\u001b[31m}···\u001b[39m\n\u001b[31m.property-section {·\u001b[39m\n\u001b[31m  margin-bottom: 20px;·\u001b[39m\n\u001b[31m}···\u001b[39m\n\u001b[31m.property-section-title {·\u001b[39m\n\u001b[31m  font-size: 12px;·\u001b[39m\n\u001b[31m  font-weight: 600;·\u001b[39m\n\u001b[31m  text-transform: uppercase;·\u001b[39m\n\u001b[31m  color: #6c7086;·\u001b[39m\n\u001b[31m  letter-spacing: 0.5px;·\u001b[39m\n\u001b[31m  margin-bottom: 8px;·\u001b[39m\n\u001b[31m  padding-bottom: 4px;·\u001b[39m\n\u001b[31m  border-bottom: 1px solid #313244;·\u001b[39m\n\u001b[31m}···\u001b[39m\n\u001b[31m.property-row {·\u001b[39m\n\u001b[31m  display: flex;·\u001b[39m\n\u001b[31m  align-items: center;·\u001b[39m\n\u001b[31m  margin-bottom: 8px;·\u001b[39m\n\u001b[31m  gap: 8px;·\u001b[39m\n\u001b[31m}···\u001b[39m\n\u001b[31m.property-label {·\u001b[39m\n\u001b[31m  width: 80px;·\u001b[39m\n\u001b[31m  font-size: 13px;·\u001b[39m\n\u001b[31m  color: #a6adc8;·\u001b[39m\n\u001b[31m  flex-shrink: 0;·\u001b[39m\n\u001b[31m}···\u001b[39m\n\u001b[31m.property-input {·\u001b[39m\n\u001b[31m  flex: 1;·\u001b[39m\n\u001b[31m  background: #1e1e2e;·\u001b[39m\n\u001b[31m  border: 1px solid #313244;·\u001b[39m\n\u001b[31m  border-radius: 4px;·\u001b[39m\n\u001b[31m  color: #cdd6f4;·\u001b[39m\n\u001b[31m  padding: 4px 8px;·\u001b[39m\n\u001b[31m  font-size: 13px;·\u001b[39m\n\u001b[31m  min-width: 0;·\u001b[39m\n\u001b[31m}···\u001b[39m\n\u001b[31m.property-input:focus {·\u001b[39m\n\u001b[31m  outline: none;·\u001b[39m\n\u001b[31m  border-color: #cba6f7;·\u001b[39m\n\u001b[31m}···\u001b[39m\n\u001b[31m.property-slider {·\u001b[39m\n\u001b[31m  flex: 1;·\u001b[39m\n\u001b[31m  -webkit-appearance: none;·\u001b[39m\n\u001b[31m  appearance: none;·\u001b[39m\n\u001b[31m  height: 4px;·\u001b[39m\n\u001b[31m  background: #313244;·\u001b[39m\n\u001b[31m  border-radius: 2px;·\u001b[39m\n\u001b[31m  outline: none;·\u001b[39m\n\u001b[31m}···\u001b[39m\n\u001b[31m.property-slider::-webkit-slider-thumb {·\u001b[39m\n\u001b[31m  -webkit-appearance: none;·\u001b[39m\n\u001b[31m  appearance: none;·\u001b[39m\n\u001b[31m  width: 14px;·\u001b[39m\n\u001b[31m  height: 14px;·\u001b[39m\n\u001b[31m  border-radius: 50%;·\u001b[39m\n\u001b[31m  background: #cba6f7;·\u001b[39m\n\u001b[31m  cursor: pointer;·\u001b[39m\n\u001b[31m}···\u001b[39m\n\u001b[31m.property-slider::-moz-range-thumb {·\u001b[39m\n\u001b[31m  width: 14px;·\u001b[39m\n\u001b[31m  height: 14px;·\u001b[39m\n\u001b[31m  border-radius: 50%;·\u001b[39m\n\u001b[31m  background: #cba6f7;·\u001b[39m\n\u001b[31m  cursor: pointer;·\u001b[39m\n\u001b[31m  border: none;·\u001b[39m\n\u001b[31m}···\u001b[39m\n\u001b[31m.property-value {·\u001b[39m\n\u001b[31m  width: 60px;·\u001b[39m\n\u001b[31m  text-align: right;·\u001b[39m\n\u001b[31m  font-size: 13px;·\u001b[39m\n\u001b[31m  color: #a6adc8;·\u001b[39m\n\u001b[31m  font-family: monospace;·\u001b[39m\n\u001b[31m}···\u001b[39m\n\u001b[31m/* Asset selector */·\u001b[39m\n\u001b[31m.property-select {·\u001b[39m\n\u001b[31m  flex: 1;·\u001b[39m\n\u001b[31m  background: #1e1e2e;·\u001b[39m\n\u001b[31m  border: 1px solid #313244;·\u001b[39m\n\u001b[31m  border-radius: 4px;·\u001b[39m\n\u001b[31m  color: #cdd6f4;·\u001b[39m\n\u001b[31m  padding: 4px 8px;·\u001b[39m\n\u001b[31m  font-size: 13px;·\u001b[39m\n\u001b[31m  cursor: pointer;·\u001b[39m\n\u001b[31m}···\u001b[39m\n\u001b[31m.property-select:focus {·\u001b[39m\n\u001b[31m  outline: none;·\u001b[39m\n\u001b[31m  border-color: #cba6f7;·\u001b[39m\n\u001b[31m}···\u001b[39m\n\u001b[31m/* =====================·\u001b[39m\n\u001b[31m * No Selection State·\u001b[39m\n\u001b[31m * ===================== */···\u001b[39m\n\u001b[31m.puppet-editor-no-selection {·\u001b[39m\n\u001b[31m  display: flex;·\u001b[39m\n\u001b[31m  align-items: center;·\u001b[39m\n\u001b[31m  justify-content: center;·\u001b[39m\n\u001b[31m  flex: 1;·\u001b[39m\n\u001b[31m  color: #6c7086;·\u001b[39m\n\u001b[31m  font-size: 14px;·\u001b[39m\n\u001b[31m  text-align: center;·\u001b[39m\n\u001b[31m  padding: 40px;·\u001b[39m\n\u001b[31m}···\u001b[39m\n\u001b[31m/* =====================·\u001b[39m\n\u001b[31m * Editor Footer / Buttons·\u001b[39m\n\u001b[31m * ===================== */···\u001b[39m\n\u001b[31m.puppet-editor-footer {·\u001b[39m\n\u001b[31m  display: flex;·\u001b[39m\n\u001b[31m  justify-content: space-between;·\u001b[39m\n\u001b[31m  align-items: center;·\u001b[39m\n\u001b[31m  padding: 12px 16px;·\u001b[39m\n\u001b[31m  background: #181825;·\u001b[39m\n\u001b[31m  border-top: 1px solid #313244;·\u001b[39m\n\u001b[31m}···\u001b[39m\n\u001b[31m.puppet-editor-footer-left {·\u001b[39m\n\u001b[31m  display: flex;·\u001b[39m\n\u001b[31m  gap: 8px;·\u001b[39m\n\u001b[31m}···\u001b[39m\n\u001b[31m.puppet-editor-footer-right {·\u001b[39m\n\u001b[31m  display: flex;·\u001b[39m\n\u001b[31m  gap: 8px;·\u001b[39m\n\u001b[31m}···\u001b[39m\n\u001b[31m/* =====================·\u001b[39m\n\u001b[31m * Buttons·\u001b[39m\n\u001b[31m * ===================== */···\u001b[39m\n\u001b[31m.btn {·\u001b[39m\n\u001b[31m  padding: 6px 14px;·\u001b[39m\n\u001b[31m  border-radius: 4px;·\u001b[39m\n\u001b[31m  font-size: 13px;·\u001b[39m\n\u001b[31m  font-weight: 500;·\u001b[39m\n\u001b[31m  cursor: pointer;·\u001b[39m\n\u001b[31m  border: 1px solid transparent;·\u001b[39m\n\u001b[31m  transition: background 0.15s, border-color 0.15s;·\u001b[39m\n\u001b[31m}···\u001b[39m\n\u001b[31m.btn-secondary {·\u001b[39m\n\u001b[31m  background: #313244;·\u001b[39m\n\u001b[31m  color: #cdd6f4;·\u001b[39m\n\u001b[31m}···\u001b[39m\n\u001b[31m.btn-secondary:hover {·\u001b[39m\n\u001b[31m  background: #45475a;·\u001b[39m\n\u001b[31m}···\u001b[39m\n\u001b[31m.btn-primary {·\u001b[39m\n\u001b[31m  background: #cba6f7;·\u001b[39m\n\u001b[31m  color: #1e1e2e;·\u001b[39m\n\u001b[31m}···\u001b[39m\n\u001b[31m.btn-primary:hover {·\u001b[39m\n\u001b[31m  background: #b4befe;·\u001b[39m\n\u001b[31m}···\u001b[39m\n\u001b[31m.btn-danger {·\u001b[39m\n\u001b[31m  background: #f38ba8;·\u001b[39m\n\u001b[31m  color: #1e1e2e;·\u001b[39m\n\u001b[31m}···\u001b[39m\n\u001b[31m.btn-danger:hover {·\u001b[39m\n\u001b[31m  background: #eba0ac;·\u001b[39m\n\u001b[31m}···\u001b[39m\n\u001b[31m.btn-success {·\u001b[39m\n\u001b[31m  background: #a6e3a1;·\u001b[39m\n\u001b[31m  color: #1e1e2e;·\u001b[39m\n\u001b[31m}···\u001b[39m\n\u001b[31m.btn-success:hover {·\u001b[39m\n\u001b[31m  background: #94e2d5;·\u001b[39m\n\u001b[31m}···\u001b[39m\n\u001b[31m.btn:disabled {·\u001b[39m\n\u001b[31m  opacity: 0.5;·\u001b[39m\n\u001b[31m  cursor: not-allowed;·\u001b[39m\n\u001b[31m}···\u001b[39m\n\u001b[31m/* =====================·\u001b[39m\n\u001b[31m * Changes Indicator·\u001b[39m\n\u001b[31m * ===================== */···\u001b[39m\n\u001b[31m.changes-indicator {·\u001b[39m\n\u001b[31m  font-size: 12px;·\u001b[39m\n\u001b[31m  color: #f9e2af;·\u001b[39m\n\u001b[31m  display: flex;·\u001b[39m\n\u001b[31m  align-items: center;·\u001b[39m\n\u001b[31m  gap: 4px;·\u001b[39m\n\u001b[31m}···\u001b[39m\n\u001b[31m.changes-indicator .dot {·\u001b[39m\n\u001b[31m  width: 8px;·\u001b[39m\n\u001b[31m  height: 8px;·\u001b[39m\n\u001b[31m  border-radius: 50%;·\u001b[39m\n\u001b[31m  background: #f9e2af;·\u001b[39m\n\u001b[31m}···\u001b[39m\n\u001b[31m.changes-indicator.saved .dot {·\u001b[39m\n\u001b[31m  background: #a6e3a1;·\u001b[39m\n\u001b[31m}···\u001b[39m\n\u001b[31m.changes-indicator.saved {·\u001b[39m\n\u001b[31m  color: #a6e3a1;·\u001b[39m\n\u001b[31m}···\u001b[39m\n\u001b[31m/* =====================·\u001b[39m\n\u001b[31m * Socket Points Visualization·\u001b[39m\n\u001b[31m * ===================== */···\u001b[39m\n\u001b[31m.socket-point-indicator {·\u001b[39m\n\u001b[31m  position: absolute;·\u001b[39m\n\u001b[31m  width: 12px;·\u001b[39m\n\u001b[31m  height: 12px;·\u001b[39m\n\u001b[31m  border-radius: 50%;·\u001b[39m\n\u001b[31m  background: #f9e2af;·\u001b[39m\n\u001b[31m  border: 2px solid #1e1e2e;·\u001b[39m\n\u001b[31m  cursor: grab;·\u001b[39m\n\u001b[31m  transform: translate(-50%, -50%);·\u001b[39m\n\u001b[31m  z-index: 10;·\u001b[39m\n\u001b[31m  transition: background 0.15s;·\u001b[39m\n\u001b[31m}···\u001b[39m\n\u001b[31m.socket-point-indicator:hover {·\u001b[39m\n\u001b[31m  background: #fab387;·\u001b[39m\n\u001b[31m  transform: translate(-50%, -50%) scale(1.3);·\u001b[39m\n\u001b[31m}···\u001b[39m\n\u001b[31m.socket-point-indicator:active {·\u001b[39m\n\u001b[31m  cursor: grabbing;·\u001b[39m\n\u001b[31m}···\u001b[39m\n\u001b[31m/* =====================·\u001b[39m\n\u001b[31m * Scrollbar Styling·\u001b[39m\n\u001b[31m * ===================== */···\u001b[39m\n\u001b[31m.puppet-editor-bone-list::-webkit-scrollbar,·\u001b[39m\n\u001b[31m.puppet-editor-properties::-webkit-scrollbar {·\u001b[39m\n\u001b[31m  width: 6px;·\u001b[39m\n\u001b[31m}···\u001b[39m\n\u001b[31m.puppet-editor-bone-list::-webkit-scrollbar-track,·\u001b[39m\n\u001b[31m.puppet-editor-properties::-webkit-scrollbar-track {·\u001b[39m\n\u001b[31m  background: #1e1e2e;·\u001b[39m\n\u001b[31m}···\u001b[39m\n\u001b[31m.puppet-editor-bone-list::-webkit-scrollbar-thumb,·\u001b[39m\n\u001b[31m.puppet-editor-properties::-webkit-scrollbar-thumb {·\u001b[39m\n\u001b[31m  background: #45475a;·\u001b[39m\n\u001b[31m  border-radius: 3px;·\u001b[39m\n\u001b[31m}···\u001b[39m\n\u001b[31m.puppet-editor-bone-list::-webkit-scrollbar-thumb:hover,·\u001b[39m\n\u001b[31m.puppet-editor-properties::-webkit-scrollbar-thumb:hover {·\u001b[39m\n\u001b[31m  background: #585b70;·\u001b[39m\n\u001b[31m}···\u001b[39m\n\u001b[31m/* =====================·\u001b[39m\n\u001b[31m * Responsive Adjustments·\u001b[39m\n\u001b[31m * ===================== */···\u001b[39m\n\u001b[31m@media (max-width: 768px) {·\u001b[39m\n\u001b[31m  .puppet-editor-container {·\u001b[39m\n\u001b[31m    width: 100%;·\u001b[39m\n\u001b[31m    height: 100%;·\u001b[39m\n\u001b[31m    max-width: 100vw;·\u001b[39m\n\u001b[31m    max-height: 100vh;·\u001b[39m\n\u001b[31m    border-radius: 0;·\u001b[39m\n\u001b[31m  }···\u001b[39m\n\u001b[31m  .puppet-editor-body {·\u001b[39m\n\u001b[31m    flex-direction: column;·\u001b[39m\n\u001b[31m  }···\u001b[39m\n\u001b[31m  .puppet-editor-bone-list {·\u001b[39m\n\u001b[31m    width: 100%;·\u001b[39m\n\u001b[31m    max-height: 150px;·\u001b[39m\n\u001b[31m    border-right: none;·\u001b[39m\n\u001b[31m    border-bottom: 1px solid #313244;·\u001b[39m\n\u001b[31m  }·\u001b[39m\n\u001b[31m}\"\u001b[39m\n    at Object.toMatch (D:\\Projects\\node\\PuppetPals\\test\\defaultAssets.test.js:127:21)\n    at Promise.then.completed (D:\\Projects\\node\\PuppetPals\\node_modules\\jest-circus\\build\\utils.js:298:28)\n    at new Promise (<anonymous>)\n    at callAsyncCircusFn (D:\\Projects\\node\\PuppetPals\\node_modules\\jest-circus\\build\\utils.js:231:10)\n    at _callCircusTest (D:\\Projects\\node\\PuppetPals\\node_modules\\jest-circus\\build\\run.js:316:40)\n    at processTicksAndRejections (node:internal/process/task_queues:96:5)\n    at _runTest (D:\\Projects\\node\\PuppetPals\\node_modules\\jest-circus\\build\\run.js:252:3)\n    at _runTestsForDescribeBlock (D:\\Projects\\node\\PuppetPals\\node_modules\\jest-circus\\build\\run.js:126:9)\n    at _runTestsForDescribeBlock (D:\\Projects\\node\\PuppetPals\\node_modules\\jest-circus\\build\\run.js:121:9)\n    at run (D:\\Projects\\node\\PuppetPals\\node_modules\\jest-circus\\build\\run.js:71:3)\n    at runAndTransformResultsToJestFormat (D:\\Projects\\node\\PuppetPals\\node_modules\\jest-circus\\build\\legacy-code-todo-rewrite\\jestAdapterInit.js:122:21)\n    at jestAdapter (D:\\Projects\\node\\PuppetPals\\node_modules\\jest-circus\\build\\legacy-code-todo-rewrite\\jestAdapter.js:79:19)\n    at runTestInternal (D:\\Projects\\node\\PuppetPals\\node_modules\\jest-runner\\build\\runTest.js:367:16)\n    at runTest (D:\\Projects\\node\\PuppetPals\\node_modules\\jest-runner\\build\\runTest.js:444:34)\n    at Object.worker (D:\\Projects\\node\\PuppetPals\\node_modules\\jest-runner\\build\\testWorker.js:106:12)"],"fullName":"Request 4: Editor CSS editor.css should contain asset browser styles","invocations":1,"location":null,"numPassingAsserts":0,"retryReasons":[],"status":"failed","title":"editor.css should contain asset browser styles"},{"ancestorTitles":["Request 4: Editor CSS"],"duration":1,"failureDetails":[{"matcherResult":{"message":"\u001b[2mexpect(\u001b[22m\u001b[31mreceived\u001b[39m\u001b[2m).\u001b[22mtoMatch\u001b[2m(\u001b[22m\u001b[32mexpected\u001b[39m\u001b[2m)\u001b[22m\n\nExpected pattern: \u001b[32m/asset-upload/\u001b[39m\nReceived string:  \u001b[31m\"/** Puppet Editor UI Styles·\u001b[39m\n\u001b[31m * Styles for the in-browser puppet editor panel·\u001b[39m\n\u001b[31m * Includes bone list, properties panel, socket editor, and action buttons·\u001b[39m\n\u001b[31m */···\u001b[39m\n\u001b[31m/* =====================·\u001b[39m\n\u001b[31m * Editor Container·\u001b[39m\n\u001b[31m * ===================== */···\u001b[39m\n\u001b[31m.puppet-editor-overlay {·\u001b[39m\n\u001b[31m  position: fixed;·\u001b[39m\n\u001b[31m  top: 0;·\u001b[39m\n\u001b[31m  left: 0;·\u001b[39m\n\u001b[31m  width: 100%;·\u001b[39m\n\u001b[31m  height: 100%;·\u001b[39m\n\u001b[31m  background: rgba(0, 0, 0, 0.6);·\u001b[39m\n\u001b[31m  display: none;·\u001b[39m\n\u001b[31m  justify-content: center;·\u001b[39m\n\u001b[31m  align-items: center;·\u001b[39m\n\u001b[31m  z-index: 1000;·\u001b[39m\n\u001b[31m}···\u001b[39m\n\u001b[31m.puppet-editor-overlay.active {·\u001b[39m\n\u001b[31m  display: flex;·\u001b[39m\n\u001b[31m}···\u001b[39m\n\u001b[31m.puppet-editor-container {·\u001b[39m\n\u001b[31m  background: #1e1e2e;·\u001b[39m\n\u001b[31m  color: #cdd6f4;·\u001b[39m\n\u001b[31m  border-radius: 8px;·\u001b[39m\n\u001b[31m  width: 900px;·\u001b[39m\n\u001b[31m  max-width: 95vw;·\u001b[39m\n\u001b[31m  max-height: 90vh;·\u001b[39m\n\u001b[31m  display: flex;·\u001b[39m\n\u001b[31m  flex-direction: column;·\u001b[39m\n\u001b[31m  box-shadow: 0 8px 32px rgba(0, 0, 0, 0.5);·\u001b[39m\n\u001b[31m  overflow: hidden;·\u001b[39m\n\u001b[31m}···\u001b[39m\n\u001b[31m/* =====================·\u001b[39m\n\u001b[31m * Editor Header·\u001b[39m\n\u001b[31m * ===================== */···\u001b[39m\n\u001b[31m.puppet-editor-header {·\u001b[39m\n\u001b[31m  display: flex;·\u001b[39m\n\u001b[31m  justify-content: space-between;·\u001b[39m\n\u001b[31m  align-items: center;·\u001b[39m\n\u001b[31m  padding: 12px 16px;·\u001b[39m\n\u001b[31m  background: #181825;·\u001b[39m\n\u001b[31m  border-bottom: 1px solid #313244;·\u001b[39m\n\u001b[31m}···\u001b[39m\n\u001b[31m.puppet-editor-header h2 {·\u001b[39m\n\u001b[31m  margin: 0;·\u001b[39m\n\u001b[31m  font-size: 18px;·\u001b[39m\n\u001b[31m  font-weight: 600;·\u001b[39m\n\u001b[31m  color: #cba6f7;·\u001b[39m\n\u001b[31m}···\u001b[39m\n\u001b[31m.puppet-editor-header-actions {·\u001b[39m\n\u001b[31m  display: flex;·\u001b[39m\n\u001b[31m  gap: 8px;·\u001b[39m\n\u001b[31m}···\u001b[39m\n\u001b[31m/* =====================·\u001b[39m\n\u001b[31m * Editor Body Layout·\u001b[39m\n\u001b[31m * ===================== */···\u001b[39m\n\u001b[31m.puppet-editor-body {·\u001b[39m\n\u001b[31m  display: flex;·\u001b[39m\n\u001b[31m  flex: 1;·\u001b[39m\n\u001b[31m  overflow: hidden;·\u001b[39m\n\u001b[31m}···\u001b[39m\n\u001b[31m/* =====================·\u001b[39m\n\u001b[31m * Bone List Panel (Left)·\u001b[39m\n\u001b[31m * ===================== */···\u001b[39m\n\u001b[31m.puppet-editor-bone-list {·\u001b[39m\n\u001b[31m  width: 220px;·\u001b[39m\n\u001b[31m  min-width: 180px;·\u001b[39m\n\u001b[31m  background: #181825;·\u001b[39m\n\u001b[31m  border-right: 1px solid #313244;·\u001b[39m\n\u001b[31m  overflow-y: auto;·\u001b[39m\n\u001b[31m  padding: 8px 0;·\u001b[39m\n\u001b[31m}···\u001b[39m\n\u001b[31m.puppet-editor-bone-list h3 {·\u001b[39m\n\u001b[31m  margin: 0 0 8px 0;·\u001b[39m\n\u001b[31m  padding: 4px 12px;·\u001b[39m\n\u00
[...]
uctor & Properties should create a puppet with provided config","invocations":1,"location":null,"numPassingAsserts":3,"retryReasons":[],"status":"passed","title":"should create a puppet with provided config"},{"ancestorTitles":["Puppet Class - Constructor & Properties"],"duration":0,"failureDetails":[],"failureMessages":[],"fullName":"Puppet Class - Constructor & Properties should have a group (Object3D) for Three.js scene","invocations":1,"location":null,"numPassingAsserts":2,"retryReasons":[],"status":"passed","title":"should have a group (Object3D) for Three.js scene"},{"ancestorTitles":["Puppet Class - Constructor & Properties"],"duration":1,"failureDetails":[],"failureMessages":[],"fullName":"Puppet Class - Constructor & Properties should default currentAnimation to null","invocations":1,"location":null,"numPassingAsserts":1,"retryReasons":[],"status":"passed","title":"should default currentAnimation to null"},{"ancestorTitles":["Puppet Class - Constructor & Properties"],"duration":0,"failureDetails":[],"failureMessages":[],"fullName":"Puppet Class - Constructor & Properties should default targetPosition to null","invocations":1,"location":null,"numPassingAsserts":1,"retryReasons":[],"status":"passed","title":"should default targetPosition to null"},{"ancestorTitles":["Puppet Class - Constructor & Properties"],"duration":0,"failureDetails":[],"failureMessages":[],"fullName":"Puppet Class - Constructor & Properties should default isMoving to false","invocations":1,"location":null,"numPassingAsserts":1,"retryReasons":[],"status":"passed","title":"should default isMoving to false"},{"ancestorTitles":["Puppet Class - load()"],"duration":1,"failureDetails":[],"failureMessages":[],"fullName":"Puppet Class - load() should load a skeleton from config","invocations":1,"location":null,"numPassingAsserts":3,"retryReasons":[],"status":"passed","title":"should load a skeleton from config"},{"ancestorTitles":["Puppet Class - load()"],"duration":0,"failureDetails":[],"failureMessages":[],"fullName":"Puppet Class - load() should add bone meshes to the puppet group","invocations":1,"location":null,"numPassingAsserts":1,"retryReasons":[],"status":"passed","title":"should add bone meshes to the puppet group"},{"ancestorTitles":["Puppet Class - load()"],"duration":0,"failureDetails":[],"failureMessages":[],"fullName":"Puppet Class - load() should create placeholder meshes for bones","invocations":1,"location":null,"numPassingAsserts":1,"retryReasons":[],"status":"passed","title":"should create placeholder meshes for bones"},{"ancestorTitles":["Puppet Class - load()"],"duration":0,"failureDetails":[],"failureMessages":[],"fullName":"Puppet Class - load() should set skeleton update reference to puppet","invocations":1,"location":null,"numPassingAsserts":1,"retryReasons":[],"status":"passed","title":"should set skeleton update reference to puppet"},{"ancestorTitles":["Puppet Class - load()"],"duration":0,"failureDetails":[],"failureMessages":[],"fullName":"Puppet Class - load() should handle config without bones array","invocations":1,"location":null,"numPassingAsserts":1,"retryReasons":[],"status":"passed","title":"should handle config without bones array"},{"ancestorTitles":["Puppet Class - load()"],"duration":0,"failureDetails":[],"failureMessages":[],"fullName":"Puppet Class - load() should create a name label for the puppet","invocations":1,"location":null,"numPassingAsserts":1,"retryReasons":[],"status":"passed","title":"should create a name label for the puppet"},{"ancestorTitles":["Puppet Class - load()"],"duration":0,"failureDetails":[],"failureMessages":[],"fullName":"Puppet Class - load() should create a lock indicator (initially hidden)","invocations":1,"location":null,"numPassingAsserts":2,"retryReasons":[],"status":"passed","title":"should create a lock indicator (initially hidden)"},{"ancestorTitles":["Puppet Class - update()"],"duration":1,"failureDetails":[],"failureMessages":[],"fullName":"Puppet Class - update() should call skeleton update","invocations":1,"location":null,"numPassingAsserts":1,"retryReasons":[],"status":"passed","title":"should call skeleton update"},{"ancestorTitles":["Puppet Class - update()"],"duration":1,"failureDetails":[],"failureMessages":[],"fullName":"Puppet Class - update() should not throw if skeleton is not loaded","invocations":1,"location":null,"numPassingAsserts":1,"retryReasons":[],"status":"passed","title":"should not throw if skeleton is not loaded"},{"ancestorTitles":["Puppet Class - update()"],"duration":1,"failureDetails":[],"failureMessages":[],"fullName":"Puppet Class - update() should handle smooth movement toward target position","invocations":1,"location":null,"numPassingAsserts":1,"retryReasons":[],"status":"passed","title":"should handle smooth movement toward target position"},{"ancestorTitles":["Puppet Class - moveTo()"],"duration":0,"failureDetails":[],"failureMessages":[],"fullName":"Puppet Class - moveTo() should set target position for smooth movement","invocations":1,"location":null,"numPassingAsserts":3,"retryReasons":[],"status":"passed","title":"should set target position for smooth movement"},{"ancestorTitles":["Puppet Class - moveTo()"],"duration":0,"failureDetails":[],"failureMessages":[],"fullName":"Puppet Class - moveTo() should set isMoving to true","invocations":1,"location":null,"numPassingAsserts":1,"retryReasons":[],"status":"passed","title":"should set isMoving to true"},{"ancestorTitles":["Puppet Class - moveTo()"],"duration":1,"failureDetails":[],"failureMessages":[],"fullName":"Puppet Class - moveTo() should not move if puppet is locked","invocations":1,"location":null,"numPassingAsserts":1,"retryReasons":[],"status":"passed","title":"should not move if puppet is locked"},{"ancestorTitles":["Puppet Class - setBoneRotation()"],"duration":0,"failureDetails":[],"failureMessages":[],"fullName":"Puppet Class - setBoneRotation() should rotate a specific bone by angle","invocations":1,"location":null,"numPassingAsserts":1,"retryReasons":[],"status":"passed","title":"should rotate a specific bone by angle"},{"ancestorTitles":["Puppet Class - setBoneRotation()"],"duration":0,"failureDetails":[],"failureMessages":[],"fullName":"Puppet Class - setBoneRotation() should not throw for non-existent bone","invocations":1,"location":null,"numPassingAsserts":1,"retryReasons":[],"status":"passed","title":"should not throw for non-existent bone"},{"ancestorTitles":["Puppet Class - setBoneRotation()"],"duration":0,"failureDetails":[],"failureMessages":[],"fullName":"Puppet Class - setBoneRotation() should not throw if skeleton is not loaded","invocations":1,"location":null,"numPassingAsserts":1,"retryReasons":[],"status":"passed","title":"should not throw if skeleton is not loaded"},{"ancestorTitles":["Puppet Class - setBoneRotation()"],"duration":0,"failureDetails":[],"failureMessages":[],"fullName":"Puppet Class - setBoneRotation() should accept negative angles","invocations":1,"location":null,"numPassingAsserts":1,"retryReasons":[],"status":"passed","title":"should accept negative angles"},{"ancestorTitles":["Puppet Class - playAnimation()"],"duration":0,"failureDetails":[],"failureMessages":[],"fullName":"Puppet Class - playAnimation() should set current animation","invocations":1,"location":null,"numPassingAsserts":1,"retryReasons":[],"status":"passed","title":"should set current animation"},{"ancestorTitles":["Puppet Class - playAnimation()"],"duration":1,"failureDetails":[],"failureMessages":[],"fullName":"Puppet Class - playAnimation() should set animation startTime","invocations":1,"location":null,"numPassingAsserts":1,"retryReasons":[],"status":"passed","title":"should set animation startTime"},{"ancestorTitles":["Puppet Class - playAnimation()"],"duration":0,"failureDetails":[],"failureMessages":[],"fullName":"Puppet Class - playAnimation() should stop previous animation when starting new one","invocations":1,"location":null,"numPassingAsserts":2,"retryReasons":[],"status":"passed","title":"should stop previous animation when starting new one"},{"ancestorTitles":["Puppet Class - playAnimation()"],"duration":0,"failureDetails":[],"failureMessages":[],"fullName":"Puppet Class - playAnimation() should not play animation if puppet is locked and not owner-controlled","invocations":1,"location":null,"numPassingAsserts":1,"retryReasons":[],"status":"passed","title":"should not play animation if puppet is locked and not owner-controlled"},{"ancestorTitles":["Puppet Class - stopAnimation()"],"duration":0,"failureDetails":[],"failureMessages":[],"fullName":"Puppet Class - stopAnimation() should clear current animation","invocations":1,"location":null,"numPassingAsserts":2,"retryReasons":[],"status":"passed","title":"should clear current animation"},{"ancestorTitles":["Puppet Class - stopAnimation()"],"duration":0,"failureDetails":[],"failureMessages":[],"fullName":"Puppet Class - stopAnimation() should not throw if no animation is playing","invocations":1,"location":null,"numPassingAsserts":1,"retryReasons":[],"status":"passed","title":"should not throw if no animation is playing"},{"ancestorTitles":["Puppet Class - stopAnimation()"],"duration":1,"failureDetails":[],"failureMessages":[],"fullName":"Puppet Class - stopAnimation() should clear animation start time","invocations":1,"location":null,"numPassingAsserts":1,"retryReasons":[],"status":"passed","title":"should clear animation start time"},{"ancestorTitles":["Puppet Class - lock() / unlock()"],"duration":0,"failureDetails":[],"failureMessages":[],"fullName":"Puppet Class - lock() / unlock() should set isLocked to true when locked","invocations":1,"location":null,"numPassingAsserts":2,"retryReasons":[],"status":"passed","title":"should set isLocked to true when locked"},{"ancestorTitles":["Puppet Class - lock() / unlock()"],"duration":0,"failureDetails":[],"failureMessages":[],"fullName":"Puppet Class - lock() / unlock() should set isLocked to false when unlocked","invocations":1,"location":null,"numPassingAsserts":2,"retryReasons":[],"status":"passed","title":"should set isLocked to false when unlocked"},{"ancestorTitles":["Puppet Class - lock() / unlock()"],"duration":0,"failureDetails":[],"failureMessages":[],"fullName":"Puppet Class - lock() / unlock() should show lock indicator when locked","invocations":1,"location":null,"numPassingAsserts":1,"retryReasons":[],"status":"passed","title":"should show lock indicator when locked"},{"ancestorTitles":["Puppet Class - lock() / unlock()"],"duration":0,"failureDetails":[],"failureMessages":[],"fullName":"Puppet Class - lock() / unlock() should hide lock indicator when unlocked","invocations":1,"location":null,"numPassingAsserts":1,"retryReasons":[],"status":"passed","title":"should hide lock indicator when unlocked"},{"ancestorTitles":["Puppet Class - teleportTo()"],"duration":0,"failureDetails":[],"failureMessages":[],"fullName":"Puppet Class - teleportTo() should instantly move puppet to new position","invocations":1,"location":null,"numPassingAsserts":2,"retryReasons":[],"status":"passed","title":"should instantly move puppet to new position"},{"ancestorTitles":["Puppet Class - teleportTo()"],"duration":0,"failureDetails":[],"failureMessages":[],"fullName":"Puppet Class - teleportTo() should work even when puppet is locked","invocations":1,"location":null,"numPassingAsserts":2,"retryReasons":[],"status":"passed","title":"should work even when puppet is locked"},{"ancestorTitles":["Puppet Class - teleportTo()"],"duration":1,"failureDetails":[],"failureMessages":[],"fullName":"Puppet Class - teleportTo() should reset isMoving state","invocations":1,"location":null,"numPassingAsserts":2,"retryReasons":[],"status":"passed","title":"should reset isMoving state"},{"ancestorTitles":["Puppet Class - teleportTo()"],"duration":0,"failureDetails":[],"failureMessages":[],"fullName":"Puppet Class - teleportTo() should clear target position","invocations":1,"location":null,"numPassingAsserts":1,"retryReasons":[],"status":"passed","title":"should clear target position"},{"ancestorTitles":["Puppet Class - select() / deselect()"],"duration":0,"failureDetails":[],"failureMessages":[],"fullName":"Puppet Class - select() / deselect() should set isSelected to true when selected","invocations":1,"location":null,"numPassingAsserts":2,"retryReasons":[],"status":"passed","title":"should set isSelected to true when selected"},{"ancestorTitles":["Puppet Class - select() / deselect()"],"duration":0,"failureDetails":[],"failureMessages":[],"fullName":"Puppet Class - select() / deselect() should set isSelected to false when deselected","invocations":1,"location":null,"numPassingAsserts":2,"retryReasons":[],"status":"passed","title":"should set isSelected to false when deselected"},{"ancestorTitles":["Puppet Class - dispose()"],"duration":0,"failureDetails":[],"failureMessages":[],"fullName":"Puppet Class - dispose() should clear the skeleton reference","invocations":1,"location":null,"numPassingAsserts":2,"retryReasons":[],"status":"passed","title":"should clear the skeleton reference"},{"ancestorTitles":["Puppet Class - dispose()"],"duration":1,"failureDetails":[],"failureMessages":[],"fullName":"Puppet Class - dispose() should stop current animation","invocations":1,"location":null,"numPassingAsserts":1,"retryReasons":[],"status":"passed","title":"should stop current animation"},{"ancestorTitles":["Puppet Class - dispose()"],"duration":0,"failureDetails":[],"failureMessages":[],"fullName":"Puppet Class - dispose() should clear the group children","invocations":1,"location":null,"numPassingAsserts":2,"retryReasons":[],"status":"passed","title":"should clear the group children"},{"ancestorTitles":["Puppet Class - dispose()"],"duration":0,"failureDetails":[],"failureMessages":[],"fullName":"Puppet Class - dispose() should reset moving state","invocations":1,"location":null,"numPassingAsserts":2,"retryReasons":[],"status":"passed","title":"should reset moving state"},{"ancestorTitles":["Puppet Class - updateAnimation()"],"duration":0,"failureDetails":[],"failureMessages":[],"fullName":"Puppet Class - updateAnimation() should apply keyframe rotations during animation","invocations":1,"location":null,"numPassingAsserts":1,"retryReasons":[],"status":"passed","title":"should apply keyframe rotations during animation"},{"ancestorTitles":["Puppet Class - updateAnimation()"],"duration":0,"failureDetails":[],"failureMessages":[],"fullName":"Puppet Class - updateAnimation() should loop animation when loop is true and time exceeds duration","invocations":1,"location":null,"numPassingAsserts":1,"retryReasons":[],"status":"passed","title":"should loop animation when loop is true and time exceeds duration"},{"ancestorTitles":["Puppet Class - updateAnimation()"],"duration":0,"failureDetails":[],"failureMessages":[],"fullName":"Puppet Class - updateAnimation() should stop non-looping animation when time exceeds duration","invocations":1,"location":null,"numPassingAsserts":1,"retryReasons":[],"status":"passed","title":"should stop non-looping animation when time exceeds duration"},{"ancestorTitles":["Puppet Class - setName()"],"duration":0,"failureDetails":[],"failureMessages":[],"fullName":"Puppet Class - setName() should update the puppet name","invocations":1,"location":null,"numPassingAsserts":1,"retryReasons":[],"status":"passed","title":"should update the puppet name"},{"ancestorTitles":["Puppet Class - Edge Cases"],"duration":0,"failureDetails":[],"failureMessages":[],"fullName":"Puppet Class - Edge Cases should handle update without being loaded","invocations":1,"location":null,"numPassingAsserts":1,"retryReasons":[],"status":"passed","title":"should handle update without being loaded"},{"ancestorTitles":["Puppet Class - Edge Cases"],"duration":0,"failureDetails":[],"failureMessages":[],"fullName":"Puppet Class - Edge Cases should handle bone rotation without skeleton","invocations":1,"location":null,"numPassingAsserts":1,"retryReasons":[],"status":"passed","title":"should handle bone rotation without skeleton"},{"ancestorTitles":["Puppet Class - Edge Cases"],"duration":0,"failureDetails":[],"failureMessages":[],"fullName":"Puppet Class - Edge Cases should handle movement without skeleton","invocations":1,"location":null,"numPassingAsserts":1,"retryReasons":[],"status":"passed","title":"should handle movement without skeleton"},{"ancestorTitles":["Puppet Class - Edge Cases"],"duration":0,"failureDetails":[],"failureMessages":[],"fullName":"Puppet Class - Edge Cases should handle teleport without skeleton","invocations":1,"location":null,"numPassingAsserts":1,"retryReasons":[],"status":"passed","title":"should handle teleport without skeleton"},{"ancestorTitles":["Puppet Class - Edge Cases"],"duration":0,"failureDetails":[],"failureMessages":[],"fullName":"Puppet Class - Edge Cases should handle lock without loaded indicator","invocations":1,"location":null,"numPassingAsserts":1,"retryReasons":[],"status":"passed","title":"should handle lock without loaded indicator"},{"ancestorTitles":["Puppet Class - Edge Cases"],"duration":0,"failureDetails":[],"failureMessages":[],"fullName":"Puppet Class - Edge Cases should handle unlock without loaded indicator","invocations":1,"location":null,"numPassingAsserts":1,"retryReasons":[],"status":"passed","title":"should handle unlock without loaded indicator"},{"ancestorTitles":["Puppet Class - Animation interpolation"],"duration":1,"failureDetails":[],"failureMessages":[],"fullName":"Puppet Class - Animation interpolation should interpolate between keyframes linearly","invocations":1,"location":null,"numPassingAsserts":1,"retryReasons":[],"status":"passed","title":"should interpolate between keyframes linearly"},{"ancestorTitles":["Puppet Class - Animation interpolation"],"duration":0,"failureDetails":[],"failureMessages":[],"fullName":"Puppet Class - Animation interpolation should handle animation with no keyframes","invocations":1,"location":null,"numPassingAsserts":1,"retryReasons":[],"status":"passed","title":"should handle animation with no keyframes"},{"ancestorTitles":["Puppet Class - Animation interpolation"],"duration":0,"failureDetails":[],"failureMessages":[],"fullName":"Puppet Class - Animation interpolation should handle keyframes for non-existent bones","invocations":1,"location":null,"numPassingAsserts":1,"retryReasons":[],"status":"passed","title":"should handle keyframes for non-existent bones"},{"ancestorTitles":["Puppet Class - Movement interpolation"],"duration":0,"failureDetails":[],"failureMessages":[],"fullName":"Puppet Class - Movement interpolation should move group position gradually toward target","invocations":1,"location":null,"numPassingAsserts":4,"retryReasons":[],"status":"passed","title":"should move group position gradually toward target"},{"ancestorTitles":["Puppet Class - Movement interpolation"],"duration":1,"failureDetails":[],"failureMessages":[],"fullName":"Puppet Class - Movement interpolation should set isMoving to false when reaching target","invocations":1,"location":null,"numPassingAsserts":1,"retryReasons":[],"status":"passed","title":"should set isMoving to false when reaching target"},{"ancestorTitles":["Puppet Class - Multiple puppets"],"duration":0,"failureDetails":[],"failureMessages":[],"fullName":"Puppet Class - Multiple puppets should allow multiple independent puppets","invocations":1,"location":null,"numPassingAsserts":4,"retryReasons":[],"status":"passed","title":"should allow multiple independent puppets"},{"ancestorTitles":["Puppet Class - Multiple puppets"],"duration":0,"failureDetails":[],"failureMessages":[],"fullName":"Puppet Class - Multiple puppets should have independent lock states","invocations":1,"location":null,"numPassingAsserts":2,"retryReasons":[],"status":"passed","title":"should have independent lock states"}],"endTime":1780164880682,"message":"","name":"D:\\Projects\\node\\PuppetPals\\test\\puppet.test.js","startTime":1780164880594,"status":"passed","summary":""}],"wasInterrupted":false}
